#
# There is insufficient memory for the Java Runtime Environment to continue.
# Native memory allocation (malloc) failed to allocate 1048576 bytes for AllocateHeap
# Possible reasons:
#   The system is out of physical RAM or swap space
#   The process is running with CompressedOops enabled, and the Java Heap may be blocking the growth of the native heap
# Possible solutions:
#   Reduce memory load on the system
#   Increase physical memory or swap space
#   Check if swap backing store is full
#   Decrease Java heap size (-Xmx/-Xms)
#   Decrease number of Java threads
#   Decrease Java thread stack sizes (-Xss)
#   Set larger code cache with -XX:ReservedCodeCacheSize=
#   JVM is running with Unscaled Compressed Oops mode in which the Java heap is
#     placed in the first 4GB address space. The Java Heap base address is the
#     maximum limit for the native heap growth. Please use -XX:HeapBaseMinAddress
#     to set the Java Heap base and to place the Java Heap above 4GB virtual address.
# This output file may be truncated or incomplete.
#
#  Out of Memory Error (allocation.cpp:44), pid=12124, tid=20344
#
# JRE version: OpenJDK Runtime Environment Temurin-17.0.7+7 (17.0.7+7) (build 17.0.7+7)
# Java VM: OpenJDK 64-Bit Server VM Temurin-17.0.7+7 (17.0.7+7, mixed mode, emulated-client, sharing, tiered, compressed oops, compressed class ptrs, g1 gc, windows-amd64)
# No core dump will be written. Minidumps are not enabled by default on client versions of Windows
#

---------------  S U M M A R Y ------------

Command Line: -XX:+HeapDumpOnOutOfMemoryError -Xmx1024m -Dsts.lsp.client=vscode -Dsts.log.file=/dev/null -XX:TieredStopAtLevel=1 -Xlog:jni+resolve=off -Dspring.config.location=file:c:\Users\taylo\.vscode\extensions\vmware.vscode-spring-boot-1.47.0\language-server\BOOT-INF\classes\application.properties org.springframework.ide.vscode.boot.app.BootLanguageServerBootApp

Host: 12th Gen Intel(R) Core(TM) i3-1215U, 8 cores, 7G,  Windows 11 , 64 bit Build 22621 (10.0.22621.1928)
Time: Sat Jul 29 19:12:11 2023 Central Daylight Time elapsed time: 175399.708043 seconds (2d 0h 43m 19s)

---------------  T H R E A D  ---------------

Current thread (0x000001894b075490):  VMThread "VM Thread" [stack: 0x00000019dc500000,0x00000019dc600000] [id=20344]

Stack: [0x00000019dc500000,0x00000019dc600000]
Native frames: (J=compiled Java code, j=interpreted, Vv=VM code, C=native code)
V  [jvm.dll+0x67754a]
V  [jvm.dll+0x834304]
V  [jvm.dll+0x835aae]
V  [jvm.dll+0x836113]
V  [jvm.dll+0x24696f]
V  [jvm.dll+0xa681f]
V  [jvm.dll+0x2f73f3]
V  [jvm.dll+0x2f30f0]
V  [jvm.dll+0x2db6c7]
V  [jvm.dll+0x31e777]
V  [jvm.dll+0x83a5bb]
V  [jvm.dll+0x83b2f4]
V  [jvm.dll+0x83b80c]
V  [jvm.dll+0x83bbe4]
V  [jvm.dll+0x83bcb0]
V  [jvm.dll+0x7e4e7a]
V  [jvm.dll+0x676395]
C  [ucrtbase.dll+0x29363]
C  [KERNEL32.DLL+0x126ad]
C  [ntdll.dll+0x5aa68]

VM_Operation (0x00000019ddefefe0): G1CollectFull, mode: safepoint, requested by thread 0x0000018950697bf0


---------------  P R O C E S S  ---------------

Threads class SMR info:
_java_thread_list=0x000001895a51cfe0, length=28, elements={
0x000001894b07b8f0, 0x000001894b07c1b0, 0x000001894b096020, 0x000001894b0968e0,
0x000001894b0991b0, 0x000001894b099a70, 0x000001894b09b7f0, 0x000001894b0a1120,
0x000001894b3722c0, 0x000001894b379390, 0x000001894bc65030, 0x00000189505fcf20,
0x0000018950697bf0, 0x00000189506988d0, 0x0000018939494bd0, 0x000001894bcda890,
0x00000189508dda60, 0x00000189508f4200, 0x0000018950b05460, 0x0000018950b04f90,
0x0000018950b015d0, 0x0000018950b062d0, 0x0000018950b01aa0, 0x0000018950b01f70,
0x0000018950aff420, 0x0000018950b01100, 0x0000018950b02de0, 0x0000018950b04120
}

Java Threads: ( => current thread )
  0x000001894b07b8f0 JavaThread "Reference Handler" daemon [_thread_blocked, id=7636, stack(0x00000019dc600000,0x00000019dc700000)]
  0x000001894b07c1b0 JavaThread "Finalizer" daemon [_thread_blocked, id=680, stack(0x00000019dc700000,0x00000019dc800000)]
  0x000001894b096020 JavaThread "Signal Dispatcher" daemon [_thread_blocked, id=17256, stack(0x00000019dc800000,0x00000019dc900000)]
  0x000001894b0968e0 JavaThread "Attach Listener" daemon [_thread_blocked, id=29760, stack(0x00000019dc900000,0x00000019dca00000)]
  0x000001894b0991b0 JavaThread "Service Thread" daemon [_thread_blocked, id=20008, stack(0x00000019dca00000,0x00000019dcb00000)]
  0x000001894b099a70 JavaThread "Monitor Deflation Thread" daemon [_thread_blocked, id=19932, stack(0x00000019dcb00000,0x00000019dcc00000)]
  0x000001894b09b7f0 JavaThread "C1 CompilerThread0" daemon [_thread_blocked, id=15464, stack(0x00000019dcc00000,0x00000019dcd00000)]
  0x000001894b0a1120 JavaThread "Sweeper thread" daemon [_thread_blocked, id=28384, stack(0x00000019dcd00000,0x00000019dce00000)]
  0x000001894b3722c0 JavaThread "Notification Thread" daemon [_thread_blocked, id=26432, stack(0x00000019dce00000,0x00000019dcf00000)]
  0x000001894b379390 JavaThread "Common-Cleaner" daemon [_thread_blocked, id=18112, stack(0x00000019dd000000,0x00000019dd100000)]
  0x000001894bc65030 JavaThread "boundedElastic-evictor-1" daemon [_thread_blocked, id=12668, stack(0x00000019ddc00000,0x00000019ddd00000)]
  0x00000189505fcf20 JavaThread "boundedElastic-evictor-2" daemon [_thread_blocked, id=6900, stack(0x00000019ddd00000,0x00000019dde00000)]
  0x0000018950697bf0 JavaThread "pool-10-thread-1" [_thread_blocked, id=20688, stack(0x00000019dde00000,0x00000019ddf00000)]
  0x00000189506988d0 JavaThread "LanguageServerApp-lifecycle" [_thread_blocked, id=30428, stack(0x00000019ddf00000,0x00000019de000000)]
  0x0000018939494bd0 JavaThread "DestroyJavaVM" [_thread_blocked, id=27736, stack(0x00000019dbf00000,0x00000019dc000000)]
  0x000001894bcda890 JavaThread "pool-11-thread-1" [_thread_in_native, id=19928, stack(0x00000019de000000,0x00000019de100000)]
  0x00000189508dda60 JavaThread "Simple-Language-Server main thread" daemon [_thread_blocked, id=6772, stack(0x00000019de100000,0x00000019de200000)]
  0x00000189508f4200 JavaThread "pool-6-thread-1" [_thread_blocked, id=9844, stack(0x00000019ddb00000,0x00000019ddc00000)]
  0x0000018950b05460 JavaThread "parallel-1" daemon [_thread_blocked, id=25880, stack(0x00000019df100000,0x00000019df200000)]
  0x0000018950b04f90 JavaThread "pool-4-thread-1" [_thread_blocked, id=26896, stack(0x00000019df500000,0x00000019df600000)]
  0x0000018950b015d0 JavaThread "parallel-2" daemon [_thread_blocked, id=24496, stack(0x00000019df600000,0x00000019df700000)]
  0x0000018950b062d0 JavaThread "parallel-3" daemon [_thread_blocked, id=4488, stack(0x00000019de700000,0x00000019de800000)]
  0x0000018950b01aa0 JavaThread "parallel-4" daemon [_thread_blocked, id=30388, stack(0x00000019de800000,0x00000019de900000)]
  0x0000018950b01f70 JavaThread "Reconciler-1" daemon [_thread_blocked, id=26660, stack(0x00000019de900000,0x00000019dea00000)]
  0x0000018950aff420 JavaThread "parallel-5" daemon [_thread_blocked, id=25160, stack(0x00000019dbd00000,0x00000019dbe00000)]
  0x0000018950b01100 JavaThread "parallel-6" daemon [_thread_blocked, id=22340, stack(0x00000019de400000,0x00000019de500000)]
  0x0000018950b02de0 JavaThread "parallel-7" daemon [_thread_blocked, id=16756, stack(0x00000019deb00000,0x00000019dec00000)]
  0x0000018950b04120 JavaThread "parallel-8" daemon [_thread_blocked, id=25036, stack(0x00000019dec00000,0x00000019ded00000)]

Other Threads:
=>0x000001894b075490 VMThread "VM Thread" [stack: 0x00000019dc500000,0x00000019dc600000] [id=20344]
  0x000001894b3767a0 WatcherThread [stack: 0x00000019dcf00000,0x00000019dd000000] [id=4168]
  0x00000189394d2fd0 GCTaskThread "GC Thread#0" [stack: 0x00000019dc000000,0x00000019dc100000] [id=28580]
  0x000001894bd28870 GCTaskThread "GC Thread#1" [stack: 0x00000019dd200000,0x00000019dd300000] [id=28356]
  0x000001894bd972b0 GCTaskThread "GC Thread#2" [stack: 0x00000019dd300000,0x00000019dd400000] [id=11580]
  0x000001894bd97560 GCTaskThread "GC Thread#3" [stack: 0x00000019dd400000,0x00000019dd500000] [id=19992]
  0x0000018950183390 GCTaskThread "GC Thread#4" [stack: 0x00000019dd500000,0x00000019dd600000] [id=27236]
  0x0000018950183640 GCTaskThread "GC Thread#5" [stack: 0x00000019dd600000,0x00000019dd700000] [id=17964]
  0x00000189501838f0 GCTaskThread "GC Thread#6" [stack: 0x00000019dd700000,0x00000019dd800000] [id=27128]
  0x0000018950183ba0 GCTaskThread "GC Thread#7" [stack: 0x00000019dd800000,0x00000019dd900000] [id=9140]
  0x00000189394dbe20 ConcurrentGCThread "G1 Main Marker" [stack: 0x00000019dc100000,0x00000019dc200000] [id=11560]
  0x00000189394dc740 ConcurrentGCThread "G1 Conc#0" [stack: 0x00000019dc200000,0x00000019dc300000] [id=10224]
  0x00000189505bebd0 ConcurrentGCThread "G1 Conc#1" [stack: 0x00000019dd900000,0x00000019dda00000] [id=1336]
  0x0000018939541e30 ConcurrentGCThread "G1 Refine#0" [stack: 0x00000019dc300000,0x00000019dc400000] [id=26964]
  0x000001895195acf0 ConcurrentGCThread "G1 Refine#1" [stack: 0x00000019df400000,0x00000019df500000] [id=9080]
  0x0000018951b2fdf0 ConcurrentGCThread "G1 Refine#2" [stack: 0x00000019dfc00000,0x00000019dfd00000] [id=19072]
  0x0000018952216cc0 ConcurrentGCThread "G1 Refine#3" [stack: 0x00000019df300000,0x00000019df400000] [id=13700]
  0x00000189521fa470 ConcurrentGCThread "G1 Refine#4" [stack: 0x00000019de600000,0x00000019de700000] [id=14000]
  0x0000018939542760 ConcurrentGCThread "G1 Service" [stack: 0x00000019dc400000,0x00000019dc500000] [id=29016]

Threads with active compile tasks:

VM state: at safepoint (normal execution)

VM Mutex/Monitor currently owned by a thread:  ([mutex/lock_event])
[0x00000189392ccde0] Threads_lock - owner thread: 0x000001894b075490
[0x0000018939493130] Heap_lock - owner thread: 0x0000018950697bf0

Heap address: 0x00000000c0000000, size: 1024 MB, Compressed Oops mode: 32-bit

CDS archive(s) mapped at: [0x0000000800000000-0x0000000800bc0000-0x0000000800bc0000), size 12320768, SharedBaseAddress: 0x0000000800000000, ArchiveRelocationMode: 0.
Compressed class space mapped at: 0x0000000801000000-0x0000000841000000, reserved size: 1073741824
Narrow klass base: 0x0000000800000000, Narrow klass shift: 0, Narrow klass range: 0x100000000

GC Precious Log:
 CPUs: 8 total, 8 available
 Memory: 7916M
 Large Page Support: Disabled
 NUMA Support: Disabled
 Compressed Oops: Enabled (32-bit)
 Heap Region Size: 1M
 Heap Min Capacity: 8M
 Heap Initial Capacity: 124M
 Heap Max Capacity: 1G
 Pre-touch: Disabled
 Parallel Workers: 8
 Concurrent Workers: 2
 Concurrent Refinement Workers: 8
 Periodic GC: Disabled

Heap:
 garbage-first heap   total 304128K, used 90538K [0x00000000c0000000, 0x0000000100000000)
  region size 1024K, 1 young (1024K), 0 survivors (0K)
 Metaspace       used 68806K, committed 69440K, reserved 1114112K
  class space    used 9489K, committed 9792K, reserved 1048576K

Heap Regions: E=young(eden), S=young(survivor), O=old, HS=humongous(starts), HC=humongous(continues), CS=collection set, F=free, OA=open archive, CA=closed archive, TAMS=top-at-mark-start (previous, next)
|   0|0x00000000c0000000, 0x00000000c0100000, 0x00000000c0100000|100%|HS|  |TAMS 0x00000000c0100000, 0x00000000c0000000| Untracked 
|   1|0x00000000c0100000, 0x00000000c01ffb90, 0x00000000c0200000| 99%| O|  |TAMS 0x00000000c01ffb90, 0x00000000c0100000| Untracked 
|   2|0x00000000c0200000, 0x00000000c0300000, 0x00000000c0300000|100%| O|  |TAMS 0x00000000c0300000, 0x00000000c0200000| Untracked 
|   3|0x00000000c0300000, 0x00000000c03ffff0, 0x00000000c0400000| 99%| O|  |TAMS 0x00000000c03ffff0, 0x00000000c0300000| Untracked 
|   4|0x00000000c0400000, 0x00000000c04ffff8, 0x00000000c0500000| 99%| O|  |TAMS 0x00000000c04ffff8, 0x00000000c0400000| Untracked 
|   5|0x00000000c0500000, 0x00000000c0600000, 0x00000000c0600000|100%| O|  |TAMS 0x00000000c0600000, 0x00000000c0500000| Untracked 
|   6|0x00000000c0600000, 0x00000000c0700000, 0x00000000c0700000|100%| O|  |TAMS 0x00000000c0700000, 0x00000000c0600000| Untracked 
|   7|0x00000000c0700000, 0x00000000c07fffe8, 0x00000000c0800000| 99%| O|  |TAMS 0x00000000c07fffe8, 0x00000000c0700000| Untracked 
|   8|0x00000000c0800000, 0x00000000c0900000, 0x00000000c0900000|100%| O|  |TAMS 0x00000000c0900000, 0x00000000c0800000| Untracked 
|   9|0x00000000c0900000, 0x00000000c0a00000, 0x00000000c0a00000|100%| O|  |TAMS 0x00000000c0a00000, 0x00000000c0900000| Untracked 
|  10|0x00000000c0a00000, 0x00000000c0b00000, 0x00000000c0b00000|100%| O|  |TAMS 0x00000000c0b00000, 0x00000000c0a00000| Untracked 
|  11|0x00000000c0b00000, 0x00000000c0bfffc0, 0x00000000c0c00000| 99%| O|  |TAMS 0x00000000c0bfffc0, 0x00000000c0b00000| Untracked 
|  12|0x00000000c0c00000, 0x00000000c0d00000, 0x00000000c0d00000|100%| O|  |TAMS 0x00000000c0d00000, 0x00000000c0c00000| Untracked 
|  13|0x00000000c0d00000, 0x00000000c0dfffe0, 0x00000000c0e00000| 99%| O|  |TAMS 0x00000000c0dfffe0, 0x00000000c0d00000| Untracked 
|  14|0x00000000c0e00000, 0x00000000c0effff8, 0x00000000c0f00000| 99%| O|  |TAMS 0x00000000c0effff8, 0x00000000c0e00000| Untracked 
|  15|0x00000000c0f00000, 0x00000000c0fffff8, 0x00000000c1000000| 99%| O|  |TAMS 0x00000000c0fffff8, 0x00000000c0f00000| Untracked 
|  16|0x00000000c1000000, 0x00000000c10fffd8, 0x00000000c1100000| 99%| O|  |TAMS 0x00000000c10fffd8, 0x00000000c1000000| Untracked 
|  17|0x00000000c1100000, 0x00000000c11fffa0, 0x00000000c1200000| 99%| O|  |TAMS 0x00000000c11fffa0, 0x00000000c1100000| Untracked 
|  18|0x00000000c1200000, 0x00000000c1300000, 0x00000000c1300000|100%| O|  |TAMS 0x00000000c1300000, 0x00000000c1200000| Untracked 
|  19|0x00000000c1300000, 0x00000000c13fffd8, 0x00000000c1400000| 99%| O|  |TAMS 0x00000000c13fffd8, 0x00000000c1300000| Untracked 
|  20|0x00000000c1400000, 0x00000000c14fffe8, 0x00000000c1500000| 99%| O|  |TAMS 0x00000000c14fffe8, 0x00000000c1400000| Untracked 
|  21|0x00000000c1500000, 0x00000000c15ffff8, 0x00000000c1600000| 99%| O|  |TAMS 0x00000000c15ffff8, 0x00000000c1500000| Untracked 
|  22|0x00000000c1600000, 0x00000000c16fffe0, 0x00000000c1700000| 99%| O|  |TAMS 0x00000000c16fffe0, 0x00000000c1600000| Untracked 
|  23|0x00000000c1700000, 0x00000000c17ff240, 0x00000000c1800000| 99%| O|  |TAMS 0x00000000c17ff240, 0x00000000c1700000| Untracked 
|  24|0x00000000c1800000, 0x00000000c18ffff0, 0x00000000c1900000| 99%| O|  |TAMS 0x00000000c18ffff0, 0x00000000c1800000| Untracked 
|  25|0x00000000c1900000, 0x00000000c19fa6e0, 0x00000000c1a00000| 97%| O|  |TAMS 0x00000000c19fa6e0, 0x00000000c1900000| Untracked 
|  26|0x00000000c1a00000, 0x00000000c1affff8, 0x00000000c1b00000| 99%| O|  |TAMS 0x00000000c1affff8, 0x00000000c1a00000| Untracked 
|  27|0x00000000c1b00000, 0x00000000c1bfffd0, 0x00000000c1c00000| 99%| O|  |TAMS 0x00000000c1bfffd0, 0x00000000c1b00000| Untracked 
|  28|0x00000000c1c00000, 0x00000000c1cfffc8, 0x00000000c1d00000| 99%| O|  |TAMS 0x00000000c1cfffc8, 0x00000000c1c00000| Untracked 
|  29|0x00000000c1d00000, 0x00000000c1dffff8, 0x00000000c1e00000| 99%| O|  |TAMS 0x00000000c1dffff8, 0x00000000c1d00000| Untracked 
|  30|0x00000000c1e00000, 0x00000000c1efffc0, 0x00000000c1f00000| 99%| O|  |TAMS 0x00000000c1efffc0, 0x00000000c1e00000| Untracked 
|  31|0x00000000c1f00000, 0x00000000c1fff208, 0x00000000c2000000| 99%| O|  |TAMS 0x00000000c1fff208, 0x00000000c1f00000| Untracked 
|  32|0x00000000c2000000, 0x00000000c20fffc8, 0x00000000c2100000| 99%| O|  |TAMS 0x00000000c20fffc8, 0x00000000c2000000| Untracked 
|  33|0x00000000c2100000, 0x00000000c21ff938, 0x00000000c2200000| 99%| O|  |TAMS 0x00000000c21ff938, 0x00000000c2100000| Untracked 
|  34|0x00000000c2200000, 0x00000000c22ffff0, 0x00000000c2300000| 99%| O|  |TAMS 0x00000000c22ffff0, 0x00000000c2200000| Untracked 
|  35|0x00000000c2300000, 0x00000000c23fff60, 0x00000000c2400000| 99%| O|  |TAMS 0x00000000c23fff60, 0x00000000c2300000| Untracked 
|  36|0x00000000c2400000, 0x00000000c24fffc8, 0x00000000c2500000| 99%| O|  |TAMS 0x00000000c24fffc8, 0x00000000c2400000| Untracked 
|  37|0x00000000c2500000, 0x00000000c25f69c0, 0x00000000c2600000| 96%| O|  |TAMS 0x00000000c25f69c0, 0x00000000c2500000| Untracked 
|  38|0x00000000c2600000, 0x00000000c26ffff0, 0x00000000c2700000| 99%| O|  |TAMS 0x00000000c26ffff0, 0x00000000c2600000| Untracked 
|  39|0x00000000c2700000, 0x00000000c27fffe0, 0x00000000c2800000| 99%| O|  |TAMS 0x00000000c27fffe0, 0x00000000c2700000| Untracked 
|  40|0x00000000c2800000, 0x00000000c28fffe8, 0x00000000c2900000| 99%| O|  |TAMS 0x00000000c28fffe8, 0x00000000c2800000| Untracked 
|  41|0x00000000c2900000, 0x00000000c2a00000, 0x00000000c2a00000|100%|HS|  |TAMS 0x00000000c2a00000, 0x00000000c2900000| Untracked 
|  42|0x00000000c2a00000, 0x00000000c2afff30, 0x00000000c2b00000| 99%| O|  |TAMS 0x00000000c2afff30, 0x00000000c2a00000| Untracked 
|  43|0x00000000c2b00000, 0x00000000c2bfffb8, 0x00000000c2c00000| 99%| O|  |TAMS 0x00000000c2bfffb8, 0x00000000c2b00000| Untracked 
|  44|0x00000000c2c00000, 0x00000000c2cfffd8, 0x00000000c2d00000| 99%| O|  |TAMS 0x00000000c2cfffd8, 0x00000000c2c00000| Untracked 
|  45|0x00000000c2d00000, 0x00000000c2e00000, 0x00000000c2e00000|100%| O|  |TAMS 0x00000000c2e00000, 0x00000000c2d00000| Untracked 
|  46|0x00000000c2e00000, 0x00000000c2effff8, 0x00000000c2f00000| 99%| O|  |TAMS 0x00000000c2effff8, 0x00000000c2e00000| Untracked 
|  47|0x00000000c2f00000, 0x00000000c2ffffe8, 0x00000000c3000000| 99%| O|  |TAMS 0x00000000c2ffffe8, 0x00000000c2f00000| Untracked 
|  48|0x00000000c3000000, 0x00000000c30fffe0, 0x00000000c3100000| 99%| O|  |TAMS 0x00000000c30fffe0, 0x00000000c3000000| Untracked 
|  49|0x00000000c3100000, 0x00000000c31fe940, 0x00000000c3200000| 99%| O|  |TAMS 0x00000000c31fe940, 0x00000000c3100000| Untracked 
|  50|0x00000000c3200000, 0x00000000c3300000, 0x00000000c3300000|100%| O|  |TAMS 0x00000000c3300000, 0x00000000c3200000| Untracked 
|  51|0x00000000c3300000, 0x00000000c3400000, 0x00000000c3400000|100%| O|  |TAMS 0x00000000c3400000, 0x00000000c3300000| Untracked 
|  52|0x00000000c3400000, 0x00000000c34ffff0, 0x00000000c3500000| 99%| O|  |TAMS 0x00000000c34ffff0, 0x00000000c3400000| Untracked 
|  53|0x00000000c3500000, 0x00000000c3600000, 0x00000000c3600000|100%| O|  |TAMS 0x00000000c3600000, 0x00000000c3500000| Untracked 
|  54|0x00000000c3600000, 0x00000000c3700000, 0x00000000c3700000|100%| O|  |TAMS 0x00000000c3700000, 0x00000000c3600000| Untracked 
|  55|0x00000000c3700000, 0x00000000c37fffe0, 0x00000000c3800000| 99%| O|  |TAMS 0x00000000c37fffe0, 0x00000000c3700000| Untracked 
|  56|0x00000000c3800000, 0x00000000c3900000, 0x00000000c3900000|100%| O|  |TAMS 0x00000000c3900000, 0x00000000c3800000| Untracked 
|  57|0x00000000c3900000, 0x00000000c39ffff8, 0x00000000c3a00000| 99%| O|  |TAMS 0x00000000c39ffff8, 0x00000000c3900000| Untracked 
|  58|0x00000000c3a00000, 0x00000000c3affff8, 0x00000000c3b00000| 99%| O|  |TAMS 0x00000000c3affff8, 0x00000000c3a00000| Untracked 
|  59|0x00000000c3b00000, 0x00000000c3bfffb8, 0x00000000c3c00000| 99%| O|  |TAMS 0x00000000c3bfffb8, 0x00000000c3b00000| Untracked 
|  60|0x00000000c3c00000, 0x00000000c3d00000, 0x00000000c3d00000|100%| O|  |TAMS 0x00000000c3d00000, 0x00000000c3c00000| Untracked 
|  61|0x00000000c3d00000, 0x00000000c3dffda8, 0x00000000c3e00000| 99%| O|  |TAMS 0x00000000c3dffda8, 0x00000000c3d00000| Untracked 
|  62|0x00000000c3e00000, 0x00000000c3efed50, 0x00000000c3f00000| 99%| O|  |TAMS 0x00000000c3efed50, 0x00000000c3e00000| Untracked 
|  63|0x00000000c3f00000, 0x00000000c3ffbb80, 0x00000000c4000000| 98%| O|  |TAMS 0x00000000c3ffbb80, 0x00000000c3f00000| Untracked 
|  64|0x00000000c4000000, 0x00000000c4100000, 0x00000000c4100000|100%| O|  |TAMS 0x00000000c4100000, 0x00000000c4000000| Untracked 
|  65|0x00000000c4100000, 0x00000000c41fffc0, 0x00000000c4200000| 99%| O|  |TAMS 0x00000000c41fffc0, 0x00000000c4100000| Untracked 
|  66|0x00000000c4200000, 0x00000000c42fffc8, 0x00000000c4300000| 99%| O|  |TAMS 0x00000000c42fffc8, 0x00000000c4200000| Untracked 
|  67|0x00000000c4300000, 0x00000000c43fffd8, 0x00000000c4400000| 99%| O|  |TAMS 0x00000000c43fffd8, 0x00000000c4300000| Untracked 
|  68|0x00000000c4400000, 0x00000000c44ffff0, 0x00000000c4500000| 99%| O|  |TAMS 0x00000000c44ffff0, 0x00000000c4400000| Untracked 
|  69|0x00000000c4500000, 0x00000000c45fff90, 0x00000000c4600000| 99%| O|  |TAMS 0x00000000c45fff90, 0x00000000c4500000| Untracked 
|  70|0x00000000c4600000, 0x00000000c46fffa0, 0x00000000c4700000| 99%| O|  |TAMS 0x00000000c46fffa0, 0x00000000c4600000| Untracked 
|  71|0x00000000c4700000, 0x00000000c4800000, 0x00000000c4800000|100%|HS|  |TAMS 0x00000000c4800000, 0x00000000c4700000| Untracked 
|  72|0x00000000c4800000, 0x00000000c48fffc0, 0x00000000c4900000| 99%| O|  |TAMS 0x00000000c48fffc0, 0x00000000c4800000| Untracked 
|  73|0x00000000c4900000, 0x00000000c49f5f78, 0x00000000c4a00000| 96%| O|  |TAMS 0x00000000c49f5f78, 0x00000000c4900000| Untracked 
|  74|0x00000000c4a00000, 0x00000000c4affff8, 0x00000000c4b00000| 99%| O|  |TAMS 0x00000000c4affff8, 0x00000000c4a00000| Untracked 
|  75|0x00000000c4b00000, 0x00000000c4bfffd0, 0x00000000c4c00000| 99%| O|  |TAMS 0x00000000c4bfffd0, 0x00000000c4b00000| Untracked 
|  76|0x00000000c4c00000, 0x00000000c4cfb4d8, 0x00000000c4d00000| 98%| O|  |TAMS 0x00000000c4cfb4d8, 0x00000000c4c00000| Untracked 
|  77|0x00000000c4d00000, 0x00000000c4dfffe0, 0x00000000c4e00000| 99%| O|  |TAMS 0x00000000c4dfffe0, 0x00000000c4d00000| Untracked 
|  78|0x00000000c4e00000, 0x00000000c4efffe8, 0x00000000c4f00000| 99%| O|  |TAMS 0x00000000c4efffe8, 0x00000000c4e00000| Untracked 
|  79|0x00000000c4f00000, 0x00000000c4fffff8, 0x00000000c5000000| 99%| O|  |TAMS 0x00000000c4fffff8, 0x00000000c4f00000| Untracked 
|  80|0x00000000c5000000, 0x00000000c50f3ac0, 0x00000000c5100000| 95%| O|  |TAMS 0x00000000c50f3ac0, 0x00000000c5000000| Untracked 
|  81|0x00000000c5100000, 0x00000000c51ffff8, 0x00000000c5200000| 99%| O|  |TAMS 0x00000000c51ffff8, 0x00000000c5100000| Untracked 
|  82|0x00000000c5200000, 0x00000000c5300000, 0x00000000c5300000|100%| O|  |TAMS 0x00000000c5300000, 0x00000000c5200000| Untracked 
|  83|0x00000000c5300000, 0x00000000c5400000, 0x00000000c5400000|100%| O|  |TAMS 0x00000000c5400000, 0x00000000c5300000| Untracked 
|  84|0x00000000c5400000, 0x00000000c549e8e8, 0x00000000c5500000| 61%| O|  |TAMS 0x00000000c5400000, 0x00000000c5400000| Untracked 
|  85|0x00000000c5500000, 0x00000000c5500000, 0x00000000c5600000|  0%| F|  |TAMS 0x00000000c5500000, 0x00000000c5500000| Untracked 
|  86|0x00000000c5600000, 0x00000000c5600000, 0x00000000c5700000|  0%| F|  |TAMS 0x00000000c5600000, 0x00000000c5600000| Untracked 
|  87|0x00000000c5700000, 0x00000000c5700088, 0x00000000c5800000|  0%| O|  |TAMS 0x00000000c5700000, 0x00000000c5700000| Untracked 
|  88|0x00000000c5800000, 0x00000000c5800000, 0x00000000c5900000|  0%| F|  |TAMS 0x00000000c5800000, 0x00000000c5800000| Untracked 
|  89|0x00000000c5900000, 0x00000000c5900000, 0x00000000c5a00000|  0%| F|  |TAMS 0x00000000c5900000, 0x00000000c5900000| Untracked 
|  90|0x00000000c5a00000, 0x00000000c5a00000, 0x00000000c5b00000|  0%| F|  |TAMS 0x00000000c5a00000, 0x00000000c5a00000| Untracked 
|  91|0x00000000c5b00000, 0x00000000c5b00000, 0x00000000c5c00000|  0%| F|  |TAMS 0x00000000c5b00000, 0x00000000c5b00000| Untracked 
|  92|0x00000000c5c00000, 0x00000000c5c00000, 0x00000000c5d00000|  0%| F|  |TAMS 0x00000000c5c00000, 0x00000000c5c00000| Untracked 
|  93|0x00000000c5d00000, 0x00000000c5d00000, 0x00000000c5e00000|  0%| F|  |TAMS 0x00000000c5d00000, 0x00000000c5d00000| Untracked 
|  94|0x00000000c5e00000, 0x00000000c5e00000, 0x00000000c5f00000|  0%| F|  |TAMS 0x00000000c5e00000, 0x00000000c5e00000| Untracked 
|  95|0x00000000c5f00000, 0x00000000c5f00000, 0x00000000c6000000|  0%| F|  |TAMS 0x00000000c5f00000, 0x00000000c5f00000| Untracked 
|  96|0x00000000c6000000, 0x00000000c6000000, 0x00000000c6100000|  0%| F|  |TAMS 0x00000000c6000000, 0x00000000c6000000| Untracked 
|  97|0x00000000c6100000, 0x00000000c6100000, 0x00000000c6200000|  0%| F|  |TAMS 0x00000000c6100000, 0x00000000c6100000| Untracked 
|  98|0x00000000c6200000, 0x00000000c6200000, 0x00000000c6300000|  0%| F|  |TAMS 0x00000000c6200000, 0x00000000c6200000| Untracked 
|  99|0x00000000c6300000, 0x00000000c6300000, 0x00000000c6400000|  0%| F|  |TAMS 0x00000000c6300000, 0x00000000c6300000| Untracked 
| 100|0x00000000c6400000, 0x00000000c6400000, 0x00000000c6500000|  0%| F|  |TAMS 0x00000000c6400000, 0x00000000c6400000| Untracked 
| 101|0x00000000c6500000, 0x00000000c6500000, 0x00000000c6600000|  0%| F|  |TAMS 0x00000000c6500000, 0x00000000c6500000| Untracked 
| 102|0x00000000c6600000, 0x00000000c6600000, 0x00000000c6700000|  0%| F|  |TAMS 0x00000000c6600000, 0x00000000c6600000| Untracked 
| 103|0x00000000c6700000, 0x00000000c6700000, 0x00000000c6800000|  0%| F|  |TAMS 0x00000000c6700000, 0x00000000c6700000| Untracked 
| 104|0x00000000c6800000, 0x00000000c6800000, 0x00000000c6900000|  0%| F|  |TAMS 0x00000000c6800000, 0x00000000c6800000| Untracked 
| 105|0x00000000c6900000, 0x00000000c6900000, 0x00000000c6a00000|  0%| F|  |TAMS 0x00000000c6900000, 0x00000000c6900000| Untracked 
| 106|0x00000000c6a00000, 0x00000000c6a00000, 0x00000000c6b00000|  0%| F|  |TAMS 0x00000000c6a00000, 0x00000000c6a00000| Untracked 
| 107|0x00000000c6b00000, 0x00000000c6b00000, 0x00000000c6c00000|  0%| F|  |TAMS 0x00000000c6b00000, 0x00000000c6b00000| Untracked 
| 108|0x00000000c6c00000, 0x00000000c6c00000, 0x00000000c6d00000|  0%| F|  |TAMS 0x00000000c6c00000, 0x00000000c6c00000| Untracked 
| 109|0x00000000c6d00000, 0x00000000c6d00000, 0x00000000c6e00000|  0%| F|  |TAMS 0x00000000c6d00000, 0x00000000c6d00000| Untracked 
| 110|0x00000000c6e00000, 0x00000000c6e00000, 0x00000000c6f00000|  0%| F|  |TAMS 0x00000000c6e00000, 0x00000000c6e00000| Untracked 
| 111|0x00000000c6f00000, 0x00000000c6f00000, 0x00000000c7000000|  0%| F|  |TAMS 0x00000000c6f00000, 0x00000000c6f00000| Untracked 
| 112|0x00000000c7000000, 0x00000000c7000000, 0x00000000c7100000|  0%| F|  |TAMS 0x00000000c7000000, 0x00000000c7000000| Untracked 
| 113|0x00000000c7100000, 0x00000000c7100000, 0x00000000c7200000|  0%| F|  |TAMS 0x00000000c7100000, 0x00000000c7100000| Untracked 
| 114|0x00000000c7200000, 0x00000000c7200000, 0x00000000c7300000|  0%| F|  |TAMS 0x00000000c7200000, 0x00000000c7200000| Untracked 
| 115|0x00000000c7300000, 0x00000000c7300000, 0x00000000c7400000|  0%| F|  |TAMS 0x00000000c7300000, 0x00000000c7300000| Untracked 
| 116|0x00000000c7400000, 0x00000000c7400000, 0x00000000c7500000|  0%| F|  |TAMS 0x00000000c7400000, 0x00000000c7400000| Untracked 
| 117|0x00000000c7500000, 0x00000000c7500000, 0x00000000c7600000|  0%| F|  |TAMS 0x00000000c7500000, 0x00000000c7500000| Untracked 
| 118|0x00000000c7600000, 0x00000000c7600000, 0x00000000c7700000|  0%| F|  |TAMS 0x00000000c7600000, 0x00000000c7600000| Untracked 
| 119|0x00000000c7700000, 0x00000000c7700000, 0x00000000c7800000|  0%| F|  |TAMS 0x00000000c7700000, 0x00000000c7700000| Untracked 
| 120|0x00000000c7800000, 0x00000000c7800000, 0x00000000c7900000|  0%| F|  |TAMS 0x00000000c7800000, 0x00000000c7800000| Untracked 
| 121|0x00000000c7900000, 0x00000000c7900000, 0x00000000c7a00000|  0%| F|  |TAMS 0x00000000c7900000, 0x00000000c7900000| Untracked 
| 122|0x00000000c7a00000, 0x00000000c7a00000, 0x00000000c7b00000|  0%| F|  |TAMS 0x00000000c7a00000, 0x00000000c7a00000| Untracked 
| 123|0x00000000c7b00000, 0x00000000c7b00000, 0x00000000c7c00000|  0%| F|  |TAMS 0x00000000c7b00000, 0x00000000c7b00000| Untracked 
| 124|0x00000000c7c00000, 0x00000000c7c00000, 0x00000000c7d00000|  0%| F|  |TAMS 0x00000000c7c00000, 0x00000000c7c00000| Untracked 
| 125|0x00000000c7d00000, 0x00000000c7d00000, 0x00000000c7e00000|  0%| F|  |TAMS 0x00000000c7d00000, 0x00000000c7d00000| Untracked 
| 126|0x00000000c7e00000, 0x00000000c7e00000, 0x00000000c7f00000|  0%| F|  |TAMS 0x00000000c7e00000, 0x00000000c7e00000| Untracked 
| 127|0x00000000c7f00000, 0x00000000c7f00000, 0x00000000c8000000|  0%| F|  |TAMS 0x00000000c7f00000, 0x00000000c7f00000| Untracked 
| 128|0x00000000c8000000, 0x00000000c8000000, 0x00000000c8100000|  0%| F|  |TAMS 0x00000000c8000000, 0x00000000c8000000| Untracked 
| 129|0x00000000c8100000, 0x00000000c8100000, 0x00000000c8200000|  0%| F|  |TAMS 0x00000000c8100000, 0x00000000c8100000| Untracked 
| 130|0x00000000c8200000, 0x00000000c8200000, 0x00000000c8300000|  0%| F|  |TAMS 0x00000000c8200000, 0x00000000c8200000| Untracked 
| 131|0x00000000c8300000, 0x00000000c8300000, 0x00000000c8400000|  0%| F|  |TAMS 0x00000000c8300000, 0x00000000c8300000| Untracked 
| 132|0x00000000c8400000, 0x00000000c8400000, 0x00000000c8500000|  0%| F|  |TAMS 0x00000000c8400000, 0x00000000c8400000| Untracked 
| 133|0x00000000c8500000, 0x00000000c8500000, 0x00000000c8600000|  0%| F|  |TAMS 0x00000000c8500000, 0x00000000c8500000| Untracked 
| 134|0x00000000c8600000, 0x00000000c8600000, 0x00000000c8700000|  0%| F|  |TAMS 0x00000000c8600000, 0x00000000c8600000| Untracked 
| 135|0x00000000c8700000, 0x00000000c8700000, 0x00000000c8800000|  0%| F|  |TAMS 0x00000000c8700000, 0x00000000c8700000| Untracked 
| 136|0x00000000c8800000, 0x00000000c8800000, 0x00000000c8900000|  0%| F|  |TAMS 0x00000000c8800000, 0x00000000c8800000| Untracked 
| 137|0x00000000c8900000, 0x00000000c8900000, 0x00000000c8a00000|  0%| F|  |TAMS 0x00000000c8900000, 0x00000000c8900000| Untracked 
| 138|0x00000000c8a00000, 0x00000000c8a00000, 0x00000000c8b00000|  0%| F|  |TAMS 0x00000000c8a00000, 0x00000000c8a00000| Untracked 
| 139|0x00000000c8b00000, 0x00000000c8b00000, 0x00000000c8c00000|  0%| F|  |TAMS 0x00000000c8b00000, 0x00000000c8b00000| Untracked 
| 140|0x00000000c8c00000, 0x00000000c8c00000, 0x00000000c8d00000|  0%| F|  |TAMS 0x00000000c8c00000, 0x00000000c8c00000| Untracked 
| 141|0x00000000c8d00000, 0x00000000c8d00000, 0x00000000c8e00000|  0%| F|  |TAMS 0x00000000c8d00000, 0x00000000c8d00000| Untracked 
| 142|0x00000000c8e00000, 0x00000000c8e00000, 0x00000000c8f00000|  0%| F|  |TAMS 0x00000000c8e00000, 0x00000000c8e00000| Untracked 
| 143|0x00000000c8f00000, 0x00000000c8f00000, 0x00000000c9000000|  0%| F|  |TAMS 0x00000000c8f00000, 0x00000000c8f00000| Untracked 
| 144|0x00000000c9000000, 0x00000000c9000000, 0x00000000c9100000|  0%| F|  |TAMS 0x00000000c9000000, 0x00000000c9000000| Untracked 
| 145|0x00000000c9100000, 0x00000000c9100000, 0x00000000c9200000|  0%| F|  |TAMS 0x00000000c9100000, 0x00000000c9100000| Untracked 
| 146|0x00000000c9200000, 0x00000000c9200000, 0x00000000c9300000|  0%| F|  |TAMS 0x00000000c9200000, 0x00000000c9200000| Untracked 
| 147|0x00000000c9300000, 0x00000000c9300000, 0x00000000c9400000|  0%| F|  |TAMS 0x00000000c9300000, 0x00000000c9300000| Untracked 
| 148|0x00000000c9400000, 0x00000000c9400000, 0x00000000c9500000|  0%| F|  |TAMS 0x00000000c9400000, 0x00000000c9400000| Untracked 
| 149|0x00000000c9500000, 0x00000000c9500000, 0x00000000c9600000|  0%| F|  |TAMS 0x00000000c9500000, 0x00000000c9500000| Untracked 
| 150|0x00000000c9600000, 0x00000000c9700000, 0x00000000c9700000|100%|HS|  |TAMS 0x00000000c9700000, 0x00000000c9600000| Untracked 
| 151|0x00000000c9700000, 0x00000000c9800000, 0x00000000c9800000|100%|HC|  |TAMS 0x00000000c9800000, 0x00000000c9700000| Untracked 
| 152|0x00000000c9800000, 0x00000000c9900000, 0x00000000c9900000|100%|HC|  |TAMS 0x00000000c9900000, 0x00000000c9800000| Untracked 
| 153|0x00000000c9900000, 0x00000000c9900000, 0x00000000c9a00000|  0%| F|  |TAMS 0x00000000c9900000, 0x00000000c9900000| Untracked 
| 154|0x00000000c9a00000, 0x00000000c9a00000, 0x00000000c9b00000|  0%| F|  |TAMS 0x00000000c9a00000, 0x00000000c9a00000| Untracked 
| 155|0x00000000c9b00000, 0x00000000c9b00000, 0x00000000c9c00000|  0%| F|  |TAMS 0x00000000c9b00000, 0x00000000c9b00000| Untracked 
| 156|0x00000000c9c00000, 0x00000000c9c00000, 0x00000000c9d00000|  0%| F|  |TAMS 0x00000000c9c00000, 0x00000000c9c00000| Untracked 
| 157|0x00000000c9d00000, 0x00000000c9d00000, 0x00000000c9e00000|  0%| F|  |TAMS 0x00000000c9d00000, 0x00000000c9d00000| Untracked 
| 158|0x00000000c9e00000, 0x00000000c9e00000, 0x00000000c9f00000|  0%| F|  |TAMS 0x00000000c9e00000, 0x00000000c9e00000| Untracked 
| 159|0x00000000c9f00000, 0x00000000c9f00000, 0x00000000ca000000|  0%| F|  |TAMS 0x00000000c9f00000, 0x00000000c9f00000| Untracked 
| 160|0x00000000ca000000, 0x00000000ca000000, 0x00000000ca100000|  0%| F|  |TAMS 0x00000000ca000000, 0x00000000ca000000| Untracked 
| 161|0x00000000ca100000, 0x00000000ca100000, 0x00000000ca200000|  0%| F|  |TAMS 0x00000000ca100000, 0x00000000ca100000| Untracked 
| 162|0x00000000ca200000, 0x00000000ca200000, 0x00000000ca300000|  0%| F|  |TAMS 0x00000000ca200000, 0x00000000ca200000| Untracked 
| 163|0x00000000ca300000, 0x00000000ca300000, 0x00000000ca400000|  0%| F|  |TAMS 0x00000000ca300000, 0x00000000ca300000| Untracked 
| 164|0x00000000ca400000, 0x00000000ca400000, 0x00000000ca500000|  0%| F|  |TAMS 0x00000000ca400000, 0x00000000ca400000| Untracked 
| 165|0x00000000ca500000, 0x00000000ca500000, 0x00000000ca600000|  0%| F|  |TAMS 0x00000000ca500000, 0x00000000ca500000| Untracked 
| 166|0x00000000ca600000, 0x00000000ca600000, 0x00000000ca700000|  0%| F|  |TAMS 0x00000000ca600000, 0x00000000ca600000| Untracked 
| 167|0x00000000ca700000, 0x00000000ca700000, 0x00000000ca800000|  0%| F|  |TAMS 0x00000000ca700000, 0x00000000ca700000| Untracked 
| 168|0x00000000ca800000, 0x00000000ca800000, 0x00000000ca900000|  0%| F|  |TAMS 0x00000000ca800000, 0x00000000ca800000| Untracked 
| 169|0x00000000ca900000, 0x00000000ca900000, 0x00000000caa00000|  0%| F|  |TAMS 0x00000000ca900000, 0x00000000ca900000| Untracked 
| 170|0x00000000caa00000, 0x00000000caa00000, 0x00000000cab00000|  0%| F|  |TAMS 0x00000000caa00000, 0x00000000caa00000| Untracked 
| 171|0x00000000cab00000, 0x00000000cab00000, 0x00000000cac00000|  0%| F|  |TAMS 0x00000000cab00000, 0x00000000cab00000| Untracked 
| 172|0x00000000cac00000, 0x00000000cac00000, 0x00000000cad00000|  0%| F|  |TAMS 0x00000000cac00000, 0x00000000cac00000| Untracked 
| 173|0x00000000cad00000, 0x00000000cad00000, 0x00000000cae00000|  0%| F|  |TAMS 0x00000000cad00000, 0x00000000cad00000| Untracked 
| 174|0x00000000cae00000, 0x00000000cae00000, 0x00000000caf00000|  0%| F|  |TAMS 0x00000000cae00000, 0x00000000cae00000| Untracked 
| 175|0x00000000caf00000, 0x00000000caf00000, 0x00000000cb000000|  0%| F|  |TAMS 0x00000000caf00000, 0x00000000caf00000| Untracked 
| 176|0x00000000cb000000, 0x00000000cb000000, 0x00000000cb100000|  0%| F|  |TAMS 0x00000000cb000000, 0x00000000cb000000| Untracked 
| 177|0x00000000cb100000, 0x00000000cb100000, 0x00000000cb200000|  0%| F|  |TAMS 0x00000000cb100000, 0x00000000cb100000| Untracked 
| 178|0x00000000cb200000, 0x00000000cb200000, 0x00000000cb300000|  0%| F|  |TAMS 0x00000000cb200000, 0x00000000cb200000| Untracked 
| 179|0x00000000cb300000, 0x00000000cb300000, 0x00000000cb400000|  0%| F|  |TAMS 0x00000000cb300000, 0x00000000cb300000| Untracked 
| 180|0x00000000cb400000, 0x00000000cb400000, 0x00000000cb500000|  0%| F|  |TAMS 0x00000000cb400000, 0x00000000cb400000| Untracked 
| 181|0x00000000cb500000, 0x00000000cb500000, 0x00000000cb600000|  0%| F|  |TAMS 0x00000000cb500000, 0x00000000cb500000| Untracked 
| 182|0x00000000cb600000, 0x00000000cb600000, 0x00000000cb700000|  0%| F|  |TAMS 0x00000000cb600000, 0x00000000cb600000| Untracked 
| 183|0x00000000cb700000, 0x00000000cb700000, 0x00000000cb800000|  0%| F|  |TAMS 0x00000000cb700000, 0x00000000cb700000| Untracked 
| 184|0x00000000cb800000, 0x00000000cb800000, 0x00000000cb900000|  0%| F|  |TAMS 0x00000000cb800000, 0x00000000cb800000| Untracked 
| 185|0x00000000cb900000, 0x00000000cb900000, 0x00000000cba00000|  0%| F|  |TAMS 0x00000000cb900000, 0x00000000cb900000| Untracked 
| 186|0x00000000cba00000, 0x00000000cba00000, 0x00000000cbb00000|  0%| F|  |TAMS 0x00000000cba00000, 0x00000000cba00000| Untracked 
| 187|0x00000000cbb00000, 0x00000000cbb00000, 0x00000000cbc00000|  0%| F|  |TAMS 0x00000000cbb00000, 0x00000000cbb00000| Untracked 
| 188|0x00000000cbc00000, 0x00000000cbc00000, 0x00000000cbd00000|  0%| F|  |TAMS 0x00000000cbc00000, 0x00000000cbc00000| Untracked 
| 189|0x00000000cbd00000, 0x00000000cbd00000, 0x00000000cbe00000|  0%| F|  |TAMS 0x00000000cbd00000, 0x00000000cbd00000| Untracked 
| 190|0x00000000cbe00000, 0x00000000cbe00000, 0x00000000cbf00000|  0%| F|  |TAMS 0x00000000cbe00000, 0x00000000cbe00000| Untracked 
| 191|0x00000000cbf00000, 0x00000000cbf00000, 0x00000000cc000000|  0%| F|  |TAMS 0x00000000cbf00000, 0x00000000cbf00000| Untracked 
| 192|0x00000000cc000000, 0x00000000cc000000, 0x00000000cc100000|  0%| F|  |TAMS 0x00000000cc000000, 0x00000000cc000000| Untracked 
| 193|0x00000000cc100000, 0x00000000cc100000, 0x00000000cc200000|  0%| F|  |TAMS 0x00000000cc100000, 0x00000000cc100000| Untracked 
| 194|0x00000000cc200000, 0x00000000cc200000, 0x00000000cc300000|  0%| F|  |TAMS 0x00000000cc200000, 0x00000000cc200000| Untracked 
| 195|0x00000000cc300000, 0x00000000cc300000, 0x00000000cc400000|  0%| F|  |TAMS 0x00000000cc300000, 0x00000000cc300000| Untracked 
| 196|0x00000000cc400000, 0x00000000cc400000, 0x00000000cc500000|  0%| F|  |TAMS 0x00000000cc400000, 0x00000000cc400000| Untracked 
| 197|0x00000000cc500000, 0x00000000cc500000, 0x00000000cc600000|  0%| F|  |TAMS 0x00000000cc500000, 0x00000000cc500000| Untracked 
| 198|0x00000000cc600000, 0x00000000cc600000, 0x00000000cc700000|  0%| F|  |TAMS 0x00000000cc600000, 0x00000000cc600000| Untracked 
| 199|0x00000000cc700000, 0x00000000cc700000, 0x00000000cc800000|  0%| F|  |TAMS 0x00000000cc700000, 0x00000000cc700000| Untracked 
| 200|0x00000000cc800000, 0x00000000cc800000, 0x00000000cc900000|  0%| F|  |TAMS 0x00000000cc800000, 0x00000000cc800000| Untracked 
| 201|0x00000000cc900000, 0x00000000cc900000, 0x00000000cca00000|  0%| F|  |TAMS 0x00000000cc900000, 0x00000000cc900000| Untracked 
| 202|0x00000000cca00000, 0x00000000cca00000, 0x00000000ccb00000|  0%| F|  |TAMS 0x00000000cca00000, 0x00000000cca00000| Untracked 
| 203|0x00000000ccb00000, 0x00000000ccb00000, 0x00000000ccc00000|  0%| F|  |TAMS 0x00000000ccb00000, 0x00000000ccb00000| Untracked 
| 204|0x00000000ccc00000, 0x00000000ccc00000, 0x00000000ccd00000|  0%| F|  |TAMS 0x00000000ccc00000, 0x00000000ccc00000| Untracked 
| 205|0x00000000ccd00000, 0x00000000ccd00000, 0x00000000cce00000|  0%| F|  |TAMS 0x00000000ccd00000, 0x00000000ccd00000| Untracked 
| 206|0x00000000cce00000, 0x00000000cce00000, 0x00000000ccf00000|  0%| F|  |TAMS 0x00000000cce00000, 0x00000000cce00000| Untracked 
| 207|0x00000000ccf00000, 0x00000000ccf00000, 0x00000000cd000000|  0%| F|  |TAMS 0x00000000ccf00000, 0x00000000ccf00000| Untracked 
| 208|0x00000000cd000000, 0x00000000cd000000, 0x00000000cd100000|  0%| F|  |TAMS 0x00000000cd000000, 0x00000000cd000000| Untracked 
| 209|0x00000000cd100000, 0x00000000cd100000, 0x00000000cd200000|  0%| F|  |TAMS 0x00000000cd100000, 0x00000000cd100000| Untracked 
| 210|0x00000000cd200000, 0x00000000cd200000, 0x00000000cd300000|  0%| F|  |TAMS 0x00000000cd200000, 0x00000000cd200000| Untracked 
| 211|0x00000000cd300000, 0x00000000cd300000, 0x00000000cd400000|  0%| F|  |TAMS 0x00000000cd300000, 0x00000000cd300000| Untracked 
| 212|0x00000000cd400000, 0x00000000cd400000, 0x00000000cd500000|  0%| F|  |TAMS 0x00000000cd400000, 0x00000000cd400000| Untracked 
| 213|0x00000000cd500000, 0x00000000cd500000, 0x00000000cd600000|  0%| F|  |TAMS 0x00000000cd500000, 0x00000000cd500000| Untracked 
| 214|0x00000000cd600000, 0x00000000cd600000, 0x00000000cd700000|  0%| F|  |TAMS 0x00000000cd600000, 0x00000000cd600000| Untracked 
| 215|0x00000000cd700000, 0x00000000cd700000, 0x00000000cd800000|  0%| F|  |TAMS 0x00000000cd700000, 0x00000000cd700000| Untracked 
| 216|0x00000000cd800000, 0x00000000cd800000, 0x00000000cd900000|  0%| F|  |TAMS 0x00000000cd800000, 0x00000000cd800000| Untracked 
| 217|0x00000000cd900000, 0x00000000cd900000, 0x00000000cda00000|  0%| F|  |TAMS 0x00000000cd900000, 0x00000000cd900000| Untracked 
| 218|0x00000000cda00000, 0x00000000cda00000, 0x00000000cdb00000|  0%| F|  |TAMS 0x00000000cda00000, 0x00000000cda00000| Untracked 
| 219|0x00000000cdb00000, 0x00000000cdb00000, 0x00000000cdc00000|  0%| F|  |TAMS 0x00000000cdb00000, 0x00000000cdb00000| Untracked 
| 220|0x00000000cdc00000, 0x00000000cdc00000, 0x00000000cdd00000|  0%| F|  |TAMS 0x00000000cdc00000, 0x00000000cdc00000| Untracked 
| 221|0x00000000cdd00000, 0x00000000cdd00000, 0x00000000cde00000|  0%| F|  |TAMS 0x00000000cdd00000, 0x00000000cdd00000| Untracked 
| 222|0x00000000cde00000, 0x00000000cde00000, 0x00000000cdf00000|  0%| F|  |TAMS 0x00000000cde00000, 0x00000000cde00000| Untracked 
| 223|0x00000000cdf00000, 0x00000000cdf00000, 0x00000000ce000000|  0%| F|  |TAMS 0x00000000cdf00000, 0x00000000cdf00000| Untracked 
| 224|0x00000000ce000000, 0x00000000ce000000, 0x00000000ce100000|  0%| F|  |TAMS 0x00000000ce000000, 0x00000000ce000000| Untracked 
| 225|0x00000000ce100000, 0x00000000ce100000, 0x00000000ce200000|  0%| F|  |TAMS 0x00000000ce100000, 0x00000000ce100000| Untracked 
| 226|0x00000000ce200000, 0x00000000ce200000, 0x00000000ce300000|  0%| F|  |TAMS 0x00000000ce200000, 0x00000000ce200000| Untracked 
| 227|0x00000000ce300000, 0x00000000ce300000, 0x00000000ce400000|  0%| F|  |TAMS 0x00000000ce300000, 0x00000000ce300000| Untracked 
| 228|0x00000000ce400000, 0x00000000ce400000, 0x00000000ce500000|  0%| F|  |TAMS 0x00000000ce400000, 0x00000000ce400000| Untracked 
| 229|0x00000000ce500000, 0x00000000ce500000, 0x00000000ce600000|  0%| F|  |TAMS 0x00000000ce500000, 0x00000000ce500000| Untracked 
| 230|0x00000000ce600000, 0x00000000ce600000, 0x00000000ce700000|  0%| F|  |TAMS 0x00000000ce600000, 0x00000000ce600000| Untracked 
| 231|0x00000000ce700000, 0x00000000ce700000, 0x00000000ce800000|  0%| F|  |TAMS 0x00000000ce700000, 0x00000000ce700000| Untracked 
| 232|0x00000000ce800000, 0x00000000ce800000, 0x00000000ce900000|  0%| F|  |TAMS 0x00000000ce800000, 0x00000000ce800000| Untracked 
| 233|0x00000000ce900000, 0x00000000ce900000, 0x00000000cea00000|  0%| F|  |TAMS 0x00000000ce900000, 0x00000000ce900000| Untracked 
| 234|0x00000000cea00000, 0x00000000cea00000, 0x00000000ceb00000|  0%| F|  |TAMS 0x00000000cea00000, 0x00000000cea00000| Untracked 
| 235|0x00000000ceb00000, 0x00000000ceb00000, 0x00000000cec00000|  0%| F|  |TAMS 0x00000000ceb00000, 0x00000000ceb00000| Untracked 
| 236|0x00000000cec00000, 0x00000000cec00000, 0x00000000ced00000|  0%| F|  |TAMS 0x00000000cec00000, 0x00000000cec00000| Untracked 
| 237|0x00000000ced00000, 0x00000000ced00000, 0x00000000cee00000|  0%| F|  |TAMS 0x00000000ced00000, 0x00000000ced00000| Untracked 
| 238|0x00000000cee00000, 0x00000000cee00000, 0x00000000cef00000|  0%| F|  |TAMS 0x00000000cee00000, 0x00000000cee00000| Untracked 
| 239|0x00000000cef00000, 0x00000000cef00000, 0x00000000cf000000|  0%| F|  |TAMS 0x00000000cef00000, 0x00000000cef00000| Untracked 
| 240|0x00000000cf000000, 0x00000000cf000000, 0x00000000cf100000|  0%| F|  |TAMS 0x00000000cf000000, 0x00000000cf000000| Untracked 
| 241|0x00000000cf100000, 0x00000000cf100000, 0x00000000cf200000|  0%| F|  |TAMS 0x00000000cf100000, 0x00000000cf100000| Untracked 
| 242|0x00000000cf200000, 0x00000000cf200000, 0x00000000cf300000|  0%| F|  |TAMS 0x00000000cf200000, 0x00000000cf200000| Untracked 
| 243|0x00000000cf300000, 0x00000000cf300000, 0x00000000cf400000|  0%| F|  |TAMS 0x00000000cf300000, 0x00000000cf300000| Untracked 
| 244|0x00000000cf400000, 0x00000000cf400000, 0x00000000cf500000|  0%| F|  |TAMS 0x00000000cf400000, 0x00000000cf400000| Untracked 
| 245|0x00000000cf500000, 0x00000000cf500000, 0x00000000cf600000|  0%| F|  |TAMS 0x00000000cf500000, 0x00000000cf500000| Untracked 
| 246|0x00000000cf600000, 0x00000000cf600000, 0x00000000cf700000|  0%| F|  |TAMS 0x00000000cf600000, 0x00000000cf600000| Untracked 
| 247|0x00000000cf700000, 0x00000000cf700000, 0x00000000cf800000|  0%| F|  |TAMS 0x00000000cf700000, 0x00000000cf700000| Untracked 
| 248|0x00000000cf800000, 0x00000000cf800000, 0x00000000cf900000|  0%| F|  |TAMS 0x00000000cf800000, 0x00000000cf800000| Untracked 
| 249|0x00000000cf900000, 0x00000000cf900000, 0x00000000cfa00000|  0%| F|  |TAMS 0x00000000cf900000, 0x00000000cf900000| Untracked 
| 250|0x00000000cfa00000, 0x00000000cfa00000, 0x00000000cfb00000|  0%| F|  |TAMS 0x00000000cfa00000, 0x00000000cfa00000| Untracked 
| 251|0x00000000cfb00000, 0x00000000cfb00000, 0x00000000cfc00000|  0%| F|  |TAMS 0x00000000cfb00000, 0x00000000cfb00000| Untracked 
| 252|0x00000000cfc00000, 0x00000000cfc00000, 0x00000000cfd00000|  0%| F|  |TAMS 0x00000000cfc00000, 0x00000000cfc00000| Untracked 
| 253|0x00000000cfd00000, 0x00000000cfd00000, 0x00000000cfe00000|  0%| F|  |TAMS 0x00000000cfd00000, 0x00000000cfd00000| Untracked 
| 254|0x00000000cfe00000, 0x00000000cfe00000, 0x00000000cff00000|  0%| F|  |TAMS 0x00000000cfe00000, 0x00000000cfe00000| Untracked 
| 255|0x00000000cff00000, 0x00000000cff00000, 0x00000000d0000000|  0%| F|  |TAMS 0x00000000cff00000, 0x00000000cff00000| Untracked 
| 256|0x00000000d0000000, 0x00000000d0000000, 0x00000000d0100000|  0%| F|  |TAMS 0x00000000d0000000, 0x00000000d0000000| Untracked 
| 257|0x00000000d0100000, 0x00000000d0100000, 0x00000000d0200000|  0%| F|  |TAMS 0x00000000d0100000, 0x00000000d0100000| Untracked 
| 258|0x00000000d0200000, 0x00000000d0200000, 0x00000000d0300000|  0%| F|  |TAMS 0x00000000d0200000, 0x00000000d0200000| Untracked 
| 259|0x00000000d0300000, 0x00000000d0300000, 0x00000000d0400000|  0%| F|  |TAMS 0x00000000d0300000, 0x00000000d0300000| Untracked 
| 260|0x00000000d0400000, 0x00000000d0400000, 0x00000000d0500000|  0%| F|  |TAMS 0x00000000d0400000, 0x00000000d0400000| Untracked 
| 261|0x00000000d0500000, 0x00000000d0500000, 0x00000000d0600000|  0%| F|  |TAMS 0x00000000d0500000, 0x00000000d0500000| Untracked 
| 262|0x00000000d0600000, 0x00000000d0600000, 0x00000000d0700000|  0%| F|  |TAMS 0x00000000d0600000, 0x00000000d0600000| Untracked 
| 263|0x00000000d0700000, 0x00000000d0700000, 0x00000000d0800000|  0%| F|  |TAMS 0x00000000d0700000, 0x00000000d0700000| Untracked 
| 264|0x00000000d0800000, 0x00000000d0800000, 0x00000000d0900000|  0%| F|  |TAMS 0x00000000d0800000, 0x00000000d0800000| Untracked 
| 265|0x00000000d0900000, 0x00000000d0900000, 0x00000000d0a00000|  0%| F|  |TAMS 0x00000000d0900000, 0x00000000d0900000| Untracked 
| 266|0x00000000d0a00000, 0x00000000d0a00000, 0x00000000d0b00000|  0%| F|  |TAMS 0x00000000d0a00000, 0x00000000d0a00000| Untracked 
| 267|0x00000000d0b00000, 0x00000000d0b00000, 0x00000000d0c00000|  0%| F|  |TAMS 0x00000000d0b00000, 0x00000000d0b00000| Untracked 
| 268|0x00000000d0c00000, 0x00000000d0c00000, 0x00000000d0d00000|  0%| F|  |TAMS 0x00000000d0c00000, 0x00000000d0c00000| Untracked 
| 269|0x00000000d0d00000, 0x00000000d0d00000, 0x00000000d0e00000|  0%| F|  |TAMS 0x00000000d0d00000, 0x00000000d0d00000| Untracked 
| 270|0x00000000d0e00000, 0x00000000d0e00000, 0x00000000d0f00000|  0%| F|  |TAMS 0x00000000d0e00000, 0x00000000d0e00000| Untracked 
| 271|0x00000000d0f00000, 0x00000000d0f00000, 0x00000000d1000000|  0%| F|  |TAMS 0x00000000d0f00000, 0x00000000d0f00000| Untracked 
| 272|0x00000000d1000000, 0x00000000d1000000, 0x00000000d1100000|  0%| F|  |TAMS 0x00000000d1000000, 0x00000000d1000000| Untracked 
| 273|0x00000000d1100000, 0x00000000d1100000, 0x00000000d1200000|  0%| F|  |TAMS 0x00000000d1100000, 0x00000000d1100000| Untracked 
| 274|0x00000000d1200000, 0x00000000d1200000, 0x00000000d1300000|  0%| F|  |TAMS 0x00000000d1200000, 0x00000000d1200000| Untracked 
| 275|0x00000000d1300000, 0x00000000d1300000, 0x00000000d1400000|  0%| F|  |TAMS 0x00000000d1300000, 0x00000000d1300000| Untracked 
| 276|0x00000000d1400000, 0x00000000d1400000, 0x00000000d1500000|  0%| F|  |TAMS 0x00000000d1400000, 0x00000000d1400000| Untracked 
| 277|0x00000000d1500000, 0x00000000d1500000, 0x00000000d1600000|  0%| F|  |TAMS 0x00000000d1500000, 0x00000000d1500000| Untracked 
| 278|0x00000000d1600000, 0x00000000d1600000, 0x00000000d1700000|  0%| F|  |TAMS 0x00000000d1600000, 0x00000000d1600000| Untracked 
| 279|0x00000000d1700000, 0x00000000d1700000, 0x00000000d1800000|  0%| F|  |TAMS 0x00000000d1700000, 0x00000000d1700000| Untracked 
| 280|0x00000000d1800000, 0x00000000d1800000, 0x00000000d1900000|  0%| F|  |TAMS 0x00000000d1800000, 0x00000000d1800000| Untracked 
| 281|0x00000000d1900000, 0x00000000d1900000, 0x00000000d1a00000|  0%| F|  |TAMS 0x00000000d1900000, 0x00000000d1900000| Untracked 
| 282|0x00000000d1a00000, 0x00000000d1a00000, 0x00000000d1b00000|  0%| F|  |TAMS 0x00000000d1a00000, 0x00000000d1a00000| Untracked 
| 283|0x00000000d1b00000, 0x00000000d1b00000, 0x00000000d1c00000|  0%| F|  |TAMS 0x00000000d1b00000, 0x00000000d1b00000| Untracked 
| 284|0x00000000d1c00000, 0x00000000d1c00000, 0x00000000d1d00000|  0%| F|  |TAMS 0x00000000d1c00000, 0x00000000d1c00000| Untracked 
| 285|0x00000000d1d00000, 0x00000000d1d00000, 0x00000000d1e00000|  0%| F|  |TAMS 0x00000000d1d00000, 0x00000000d1d00000| Untracked 
| 286|0x00000000d1e00000, 0x00000000d1e00000, 0x00000000d1f00000|  0%| F|  |TAMS 0x00000000d1e00000, 0x00000000d1e00000| Untracked 
| 287|0x00000000d1f00000, 0x00000000d1f00000, 0x00000000d2000000|  0%| F|  |TAMS 0x00000000d1f00000, 0x00000000d1f00000| Untracked 
| 288|0x00000000d2000000, 0x00000000d2000000, 0x00000000d2100000|  0%| F|  |TAMS 0x00000000d2000000, 0x00000000d2000000| Untracked 
| 289|0x00000000d2100000, 0x00000000d2100000, 0x00000000d2200000|  0%| F|  |TAMS 0x00000000d2100000, 0x00000000d2100000| Untracked 
| 290|0x00000000d2200000, 0x00000000d2200000, 0x00000000d2300000|  0%| F|  |TAMS 0x00000000d2200000, 0x00000000d2200000| Untracked 
| 291|0x00000000d2300000, 0x00000000d2300000, 0x00000000d2400000|  0%| F|  |TAMS 0x00000000d2300000, 0x00000000d2300000| Untracked 
| 292|0x00000000d2400000, 0x00000000d2400000, 0x00000000d2500000|  0%| F|  |TAMS 0x00000000d2400000, 0x00000000d2400000| Untracked 
| 293|0x00000000d2500000, 0x00000000d2500000, 0x00000000d2600000|  0%| F|  |TAMS 0x00000000d2500000, 0x00000000d2500000| Untracked 
| 294|0x00000000d2600000, 0x00000000d2600000, 0x00000000d2700000|  0%| F|  |TAMS 0x00000000d2600000, 0x00000000d2600000| Untracked 
| 295|0x00000000d2700000, 0x00000000d27060d0, 0x00000000d2800000|  2%| E|  |TAMS 0x00000000d2700000, 0x00000000d2700000| Complete 
| 636|0x00000000e7c00000, 0x00000000e7d00000, 0x00000000e7d00000|100%| O|  |TAMS 0x00000000e7d00000, 0x00000000e7c00000| Untracked 

Card table byte_map: [0x0000018946250000,0x0000018946450000] _byte_map_base: 0x0000018945c50000

Marking Bits (Prev, Next): (CMBitMap*) 0x00000189394d34f0, (CMBitMap*) 0x00000189394d3530
 Prev Bits: [0x0000018946650000, 0x0000018947650000)
 Next Bits: [0x0000018947650000, 0x0000018948650000)

Polling page: 0x0000018939550000

Metaspace:

Usage:
  Non-class:     57.93 MB used.
      Class:      9.27 MB used.
       Both:     67.19 MB used.

Virtual space:
  Non-class space:       64.00 MB reserved,      58.25 MB ( 91%) committed,  1 nodes.
      Class space:        1.00 GB reserved,       9.56 MB ( <1%) committed,  1 nodes.
             Both:        1.06 GB reserved,      67.81 MB (  6%) committed. 

Chunk freelists:
   Non-Class:  5.85 MB
       Class:  6.33 MB
        Both:  12.19 MB

MaxMetaspaceSize: unlimited
CompressedClassSpaceSize: 1.00 GB
Initial GC threshold: 21.00 MB
Current GC threshold: 113.06 MB
CDS: on
MetaspaceReclaimPolicy: balanced
 - commit_granule_bytes: 65536.
 - commit_granule_words: 8192.
 - virtual_space_node_default_size: 8388608.
 - enlarge_chunks_in_place: 1.
 - new_chunks_are_fully_committed: 0.
 - uncommit_free_chunks: 1.
 - use_allocation_guard: 0.
 - handle_deallocations: 1.


Internal statistics:

num_allocs_failed_limit: 3.
num_arena_births: 1146.
num_arena_deaths: 528.
num_vsnodes_births: 2.
num_vsnodes_deaths: 0.
num_space_committed: 1086.
num_space_uncommitted: 1.
num_chunks_returned_to_freelist: 704.
num_chunks_taken_from_freelist: 3894.
num_chunk_merges: 200.
num_chunk_splits: 2477.
num_chunks_enlarged: 1756.
num_inconsistent_stats: 0.

CodeCache: size=49152Kb used=38038Kb max_used=39133Kb free=11113Kb
 bounds [0x0000018942760000, 0x0000018944e00000, 0x0000018945760000]
 total_blobs=20025 nmethods=19329 adapters=620
 compilation: enabled
              stopped_count=0, restarted_count=0
 full_count=0

Compilation events (20 events):
Event: 83495.383 Thread 0x000001894b09b7f0 19734       1       org.eclipse.jdt.internal.compiler.problem.ProblemReporter::unusedPrivateField (270 bytes)
Event: 83495.466 Thread 0x000001894b09b7f0 nmethod 19734 0x0000018944c23490 code [0x0000018944c237a0, 0x0000018944c244d8]
Event: 83495.466 Thread 0x000001894b09b7f0 19735       1       org.eclipse.jdt.internal.compiler.problem.ProblemReporter::excludeDueToAnnotation (154 bytes)
Event: 83495.481 Thread 0x000001894b09b7f0 nmethod 19735 0x0000018944c22e90 code [0x0000018944c23040, 0x0000018944c23318]
Event: 83560.980 Thread 0x000001894b09b7f0 19736       1       com.sun.tools.javac.comp.Resolve::mostSpecific (558 bytes)
Event: 83561.042 Thread 0x000001894b09b7f0 nmethod 19736 0x0000018944c20e90 code [0x0000018944c21260, 0x0000018944c22428]
Event: 83561.690 Thread 0x000001894b09b7f0 19737       1       org.eclipse.jdt.internal.compiler.ast.TypeReference::isTypeNameVar (42 bytes)
Event: 83561.710 Thread 0x000001894b09b7f0 nmethod 19737 0x0000018944c20990 code [0x0000018944c20b40, 0x0000018944c20d18]
Event: 83561.940 Thread 0x000001894b09b7f0 19738       1       org.eclipse.jdt.internal.compiler.ast.TypeReference::getTypeName (25 bytes)
Event: 83561.942 Thread 0x000001894b09b7f0 nmethod 19738 0x0000018944c20590 code [0x0000018944c20740, 0x0000018944c208a8]
Event: 83562.339 Thread 0x000001894b09b7f0 19739       1       org.springframework.ide.vscode.boot.java.requestmapping.MediaTypeMapping::valueOf (10 bytes)
Event: 83562.347 Thread 0x000001894b09b7f0 nmethod 19739 0x0000018944c20210 code [0x0000018944c203a0, 0x0000018944c204a8]
Event: 83562.347 Thread 0x000001894b09b7f0 19740   !   1       org.springframework.ide.vscode.boot.java.requestmapping.WebfluxUtils::getMediaType (40 bytes)
Event: 83562.362 Thread 0x000001894b09b7f0 nmethod 19740 0x0000018944c1fa90 code [0x0000018944c1fc60, 0x0000018944c1ff58]
Event: 83562.868 Thread 0x000001894b09b7f0 19741       1       org.eclipse.jdt.internal.compiler.problem.ProblemReporter::unusedExceptionParameter (54 bytes)
Event: 83562.879 Thread 0x000001894b09b7f0 nmethod 19741 0x0000018944c1f310 code [0x0000018944c1f4e0, 0x0000018944c1f8a8]
Event: 83687.325 Thread 0x000001894b09b7f0 19742   !   1       jdk.internal.reflect.GeneratedMethodAccessor114::invoke (45 bytes)
Event: 83687.335 Thread 0x000001894b09b7f0 nmethod 19742 0x0000018944c1ed90 code [0x0000018944c1ef40, 0x0000018944c1f188]
Event: 83997.599 Thread 0x000001894b09b7f0 19743       1       org.springframework.ide.vscode.commons.rewrite.java.ORAstUtils$$Lambda$1415/0x0000000801930800::<init> (10 bytes)
Event: 83997.602 Thread 0x000001894b09b7f0 nmethod 19743 0x0000018944c1ea90 code [0x0000018944c1ec20, 0x0000018944c1ed38]

GC Heap History (20 events):
Event: 175295.869 GC heap before
{Heap before GC invocations=8623 (full 4470):
 garbage-first heap   total 304128K, used 90538K [0x00000000c0000000, 0x0000000100000000)
  region size 1024K, 1 young (1024K), 0 survivors (0K)
 Metaspace       used 68806K, committed 69440K, reserved 1114112K
  class space    used 9489K, committed 9792K, reserved 1048576K
}
Event: 175295.978 GC heap after
{Heap after GC invocations=8624 (full 4471):
 garbage-first heap   total 304128K, used 90538K [0x00000000c0000000, 0x0000000100000000)
  region size 1024K, 0 young (0K), 0 survivors (0K)
 Metaspace       used 68806K, committed 69440K, reserved 1114112K
  class space    used 9489K, committed 9792K, reserved 1048576K
}
Event: 175306.200 GC heap before
{Heap before GC invocations=8624 (full 4471):
 garbage-first heap   total 304128K, used 90538K [0x00000000c0000000, 0x0000000100000000)
  region size 1024K, 1 young (1024K), 0 survivors (0K)
 Metaspace       used 68806K, committed 69440K, reserved 1114112K
  class space    used 9489K, committed 9792K, reserved 1048576K
}
Event: 175306.294 GC heap after
{Heap after GC invocations=8625 (full 4472):
 garbage-first heap   total 304128K, used 90538K [0x00000000c0000000, 0x0000000100000000)
  region size 1024K, 0 young (0K), 0 survivors (0K)
 Metaspace       used 68806K, committed 69440K, reserved 1114112K
  class space    used 9489K, committed 9792K, reserved 1048576K
}
Event: 175316.505 GC heap before
{Heap before GC invocations=8625 (full 4472):
 garbage-first heap   total 304128K, used 90538K [0x00000000c0000000, 0x0000000100000000)
  region size 1024K, 1 young (1024K), 0 survivors (0K)
 Metaspace       used 68806K, committed 69440K, reserved 1114112K
  class space    used 9489K, committed 9792K, reserved 1048576K
}
Event: 175316.608 GC heap after
{Heap after GC invocations=8626 (full 4473):
 garbage-first heap   total 304128K, used 90538K [0x00000000c0000000, 0x0000000100000000)
  region size 1024K, 0 young (0K), 0 survivors (0K)
 Metaspace       used 68806K, committed 69440K, reserved 1114112K
  class space    used 9489K, committed 9792K, reserved 1048576K
}
Event: 175326.865 GC heap before
{Heap before GC invocations=8626 (full 4473):
 garbage-first heap   total 304128K, used 90538K [0x00000000c0000000, 0x0000000100000000)
  region size 1024K, 1 young (1024K), 0 survivors (0K)
 Metaspace       used 68806K, committed 69440K, reserved 1114112K
  class space    used 9489K, committed 9792K, reserved 1048576K
}
Event: 175326.974 GC heap after
{Heap after GC invocations=8627 (full 4474):
 garbage-first heap   total 304128K, used 90538K [0x00000000c0000000, 0x0000000100000000)
  region size 1024K, 0 young (0K), 0 survivors (0K)
 Metaspace       used 68806K, committed 69440K, reserved 1114112K
  class space    used 9489K, committed 9792K, reserved 1048576K
}
Event: 175337.206 GC heap before
{Heap before GC invocations=8627 (full 4474):
 garbage-first heap   total 304128K, used 90538K [0x00000000c0000000, 0x0000000100000000)
  region size 1024K, 1 young (1024K), 0 survivors (0K)
 Metaspace       used 68806K, committed 69440K, reserved 1114112K
  class space    used 9489K, committed 9792K, reserved 1048576K
}
Event: 175337.316 GC heap after
{Heap after GC invocations=8628 (full 4475):
 garbage-first heap   total 304128K, used 90538K [0x00000000c0000000, 0x0000000100000000)
  region size 1024K, 0 young (0K), 0 survivors (0K)
 Metaspace       used 68806K, committed 69440K, reserved 1114112K
  class space    used 9489K, committed 9792K, reserved 1048576K
}
Event: 175347.621 GC heap before
{Heap before GC invocations=8628 (full 4475):
 garbage-first heap   total 304128K, used 90538K [0x00000000c0000000, 0x0000000100000000)
  region size 1024K, 1 young (1024K), 0 survivors (0K)
 Metaspace       used 68806K, committed 69440K, reserved 1114112K
  class space    used 9489K, committed 9792K, reserved 1048576K
}
Event: 175347.724 GC heap after
{Heap after GC invocations=8629 (full 4476):
 garbage-first heap   total 304128K, used 90538K [0x00000000c0000000, 0x0000000100000000)
  region size 1024K, 0 young (0K), 0 survivors (0K)
 Metaspace       used 68806K, committed 69440K, reserved 1114112K
  class space    used 9489K, committed 9792K, reserved 1048576K
}
Event: 175358.036 GC heap before
{Heap before GC invocations=8629 (full 4476):
 garbage-first heap   total 304128K, used 90538K [0x00000000c0000000, 0x0000000100000000)
  region size 1024K, 1 young (1024K), 0 survivors (0K)
 Metaspace       used 68806K, committed 69440K, reserved 1114112K
  class space    used 9489K, committed 9792K, reserved 1048576K
}
Event: 175358.138 GC heap after
{Heap after GC invocations=8630 (full 4477):
 garbage-first heap   total 304128K, used 90538K [0x00000000c0000000, 0x0000000100000000)
  region size 1024K, 0 young (0K), 0 survivors (0K)
 Metaspace       used 68806K, committed 69440K, reserved 1114112K
  class space    used 9489K, committed 9792K, reserved 1048576K
}
Event: 175368.448 GC heap before
{Heap before GC invocations=8630 (full 4477):
 garbage-first heap   total 304128K, used 90538K [0x00000000c0000000, 0x0000000100000000)
  region size 1024K, 1 young (1024K), 0 survivors (0K)
 Metaspace       used 68806K, committed 69440K, reserved 1114112K
  class space    used 9489K, committed 9792K, reserved 1048576K
}
Event: 175368.537 GC heap after
{Heap after GC invocations=8631 (full 4478):
 garbage-first heap   total 304128K, used 90538K [0x00000000c0000000, 0x0000000100000000)
  region size 1024K, 0 young (0K), 0 survivors (0K)
 Metaspace       used 68806K, committed 69440K, reserved 1114112K
  class space    used 9489K, committed 9792K, reserved 1048576K
}
Event: 175378.817 GC heap before
{Heap before GC invocations=8631 (full 4478):
 garbage-first heap   total 304128K, used 90538K [0x00000000c0000000, 0x0000000100000000)
  region size 1024K, 1 young (1024K), 0 survivors (0K)
 Metaspace       used 68806K, committed 69440K, reserved 1114112K
  class space    used 9489K, committed 9792K, reserved 1048576K
}
Event: 175378.907 GC heap after
{Heap after GC invocations=8632 (full 4479):
 garbage-first heap   total 304128K, used 90538K [0x00000000c0000000, 0x0000000100000000)
  region size 1024K, 0 young (0K), 0 survivors (0K)
 Metaspace       used 68806K, committed 69440K, reserved 1114112K
  class space    used 9489K, committed 9792K, reserved 1048576K
}
Event: 175389.194 GC heap before
{Heap before GC invocations=8632 (full 4479):
 garbage-first heap   total 304128K, used 90538K [0x00000000c0000000, 0x0000000100000000)
  region size 1024K, 1 young (1024K), 0 survivors (0K)
 Metaspace       used 68806K, committed 69440K, reserved 1114112K
  class space    used 9489K, committed 9792K, reserved 1048576K
}
Event: 175389.296 GC heap after
{Heap after GC invocations=8633 (full 4480):
 garbage-first heap   total 304128K, used 90538K [0x00000000c0000000, 0x0000000100000000)
  region size 1024K, 0 young (0K), 0 survivors (0K)
 Metaspace       used 68806K, committed 69440K, reserved 1114112K
  class space    used 9489K, committed 9792K, reserved 1048576K
}

Dll operation events (11 events):
Event: 0.118 Loaded shared library c:\Users\taylo\AppData\Roaming\Code\User\globalStorage\pleiades.java-extension-pack-jdk\java\17\bin\java.dll
Event: 0.404 Loaded shared library c:\Users\taylo\AppData\Roaming\Code\User\globalStorage\pleiades.java-extension-pack-jdk\java\17\bin\jsvml.dll
Event: 1.813 Loaded shared library C:\Users\taylo\AppData\Roaming\Code\User\globalStorage\pleiades.java-extension-pack-jdk\java\17\bin\net.dll
Event: 1.855 Loaded shared library C:\Users\taylo\AppData\Roaming\Code\User\globalStorage\pleiades.java-extension-pack-jdk\java\17\bin\nio.dll
Event: 1.889 Loaded shared library C:\Users\taylo\AppData\Roaming\Code\User\globalStorage\pleiades.java-extension-pack-jdk\java\17\bin\zip.dll
Event: 3.326 Loaded shared library C:\Users\taylo\AppData\Roaming\Code\User\globalStorage\pleiades.java-extension-pack-jdk\java\17\bin\jimage.dll
Event: 13.768 Loaded shared library C:\Users\taylo\AppData\Roaming\Code\User\globalStorage\pleiades.java-extension-pack-jdk\java\17\bin\management.dll
Event: 13.785 Loaded shared library C:\Users\taylo\AppData\Roaming\Code\User\globalStorage\pleiades.java-extension-pack-jdk\java\17\bin\management_ext.dll
Event: 17.777 Loaded shared library C:\Users\taylo\AppData\Roaming\Code\User\globalStorage\pleiades.java-extension-pack-jdk\java\17\bin\sunmscapi.dll
Event: 55.258 Loaded shared library c:\Users\taylo\AppData\Roaming\Code\User\globalStorage\pleiades.java-extension-pack-jdk\java\17\bin\verify.dll
Event: 63.997 Loaded shared library C:\Users\taylo\AppData\Local\Temp\snappy-1.1.8-44f903ef-c74f-4f6f-99d2-8d7a571e8370-snappyjava.dll

Deoptimization events (20 events):
Event: 78183.368 Thread 0x000001895acd6a30 DEOPT PACKING pc=0x00000189445a3f47 sp=0x00000019e13fd9b0
Event: 78183.370 Thread 0x000001895acd6a30 DEOPT UNPACKING pc=0x00000189427b7143 sp=0x00000019e13fd3e8 mode 3
Event: 78504.187 Thread 0x000001895a2f6490 DEOPT PACKING pc=0x00000189441ebae2 sp=0x00000019dbefe7b0
Event: 78504.188 Thread 0x000001895a2f6490 DEOPT UNPACKING pc=0x00000189427b7143 sp=0x00000019dbefdcf8 mode 3
Event: 78505.076 Thread 0x000001895acd6a30 DEOPT PACKING pc=0x00000189444a6b69 sp=0x00000019e13fe580
Event: 78505.076 Thread 0x000001895acd6a30 DEOPT UNPACKING pc=0x00000189427b7143 sp=0x00000019e13fda68 mode 3
Event: 79025.005 Thread 0x0000018950b04f90 DEOPT PACKING pc=0x000001894490fcd5 sp=0x00000019df5fcdf0
Event: 79025.006 Thread 0x0000018950b04f90 DEOPT UNPACKING pc=0x00000189427b7143 sp=0x00000019df5fc320 mode 3
Event: 79502.953 Thread 0x000001895a3c0710 DEOPT PACKING pc=0x00000189449dc7da sp=0x00000019de3fdf20
Event: 79502.954 Thread 0x000001895a3c0710 DEOPT UNPACKING pc=0x00000189427b7143 sp=0x00000019de3fd598 mode 3
Event: 79502.955 Thread 0x000001895a3c0710 DEOPT PACKING pc=0x00000189449dc7da sp=0x00000019de3fe240
Event: 79502.956 Thread 0x000001895a3c0710 DEOPT UNPACKING pc=0x00000189427b7143 sp=0x00000019de3fd8b8 mode 3
Event: 80138.382 Thread 0x000001895a3c0710 DEOPT PACKING pc=0x00000189442b77cc sp=0x00000019de3fdaa0
Event: 80138.383 Thread 0x000001895a3c0710 DEOPT UNPACKING pc=0x00000189427b7143 sp=0x00000019de3fcfd8 mode 0
Event: 81622.440 Thread 0x0000018951aa0940 DEOPT PACKING pc=0x0000018943445e7e sp=0x00000019deffa590
Event: 81622.440 Thread 0x0000018951aa0940 DEOPT UNPACKING pc=0x00000189427b7143 sp=0x00000019deff9bd8 mode 0
Event: 81622.441 Thread 0x0000018951aa0940 DEOPT PACKING pc=0x0000018943a8748c sp=0x00000019deffab90
Event: 81622.442 Thread 0x0000018951aa0940 DEOPT UNPACKING pc=0x00000189427b7143 sp=0x00000019deffa020 mode 0
Event: 82425.055 Thread 0x000001895a9f03b0 DEOPT PACKING pc=0x00000189434704fe sp=0x00000019dd1fe410
Event: 82425.056 Thread 0x000001895a9f03b0 DEOPT UNPACKING pc=0x00000189427b7143 sp=0x00000019dd1fd998 mode 0

Classes unloaded (20 events):
Event: 83310.098 Thread 0x000001894b075490 Unloading class 0x00000008019adc00 'jdk/internal/reflect/GeneratedConstructorAccessor141'
Event: 83310.098 Thread 0x000001894b075490 Unloading class 0x0000000801011800 'jdk/internal/reflect/GeneratedConstructorAccessor140'
Event: 83310.098 Thread 0x000001894b075490 Unloading class 0x000000080199b000 'jdk/internal/reflect/GeneratedMethodAccessor107'
Event: 83310.098 Thread 0x000001894b075490 Unloading class 0x0000000801010400 'jdk/internal/reflect/GeneratedConstructorAccessor139'
Event: 83967.051 Thread 0x000001894b075490 Unloading class 0x00000008019af000 'jdk/internal/reflect/GeneratedConstructorAccessor153'
Event: 83967.052 Thread 0x000001894b075490 Unloading class 0x0000000801010400 'jdk/internal/reflect/GeneratedConstructorAccessor152'
Event: 83967.052 Thread 0x000001894b075490 Unloading class 0x000000080199b000 'jdk/internal/reflect/GeneratedConstructorAccessor151'
Event: 83967.052 Thread 0x000001894b075490 Unloading class 0x0000000801011800 'jdk/internal/reflect/GeneratedConstructorAccessor150'
Event: 83967.052 Thread 0x000001894b075490 Unloading class 0x00000008019adc00 'jdk/internal/reflect/GeneratedConstructorAccessor149'
Event: 83967.052 Thread 0x000001894b075490 Unloading class 0x0000000801990400 'jdk/internal/reflect/GeneratedConstructorAccessor148'
Event: 83967.052 Thread 0x000001894b075490 Unloading class 0x0000000801981000 'jdk/internal/reflect/GeneratedMethodAccessor115'
Event: 83967.052 Thread 0x000001894b075490 Unloading class 0x000000080199bc00 'jdk/internal/reflect/GeneratedConstructorAccessor147'
Event: 83967.052 Thread 0x000001894b075490 Unloading class 0x0000000801997000 'jdk/internal/reflect/GeneratedMethodAccessor114'
Event: 84212.282 Thread 0x000001894b075490 Unloading class 0x0000000801991c00 'jdk/internal/reflect/GeneratedMethodAccessor113'
Event: 84212.283 Thread 0x000001894b075490 Unloading class 0x0000000801991800 'jdk/internal/reflect/GeneratedConstructorAccessor146'
Event: 84212.283 Thread 0x000001894b075490 Unloading class 0x00000008019acc00 'jdk/internal/reflect/GeneratedMethodAccessor112'
Event: 84212.283 Thread 0x000001894b075490 Unloading class 0x0000000801328400 'jdk/internal/reflect/GeneratedConstructorAccessor145'
Event: 84212.283 Thread 0x000001894b075490 Unloading class 0x0000000801994000 'jdk/internal/reflect/GeneratedMethodAccessor111'
Event: 84212.284 Thread 0x000001894b075490 Unloading class 0x0000000801994c00 'jdk/internal/reflect/GeneratedMethodAccessor110'
Event: 84212.284 Thread 0x000001894b075490 Unloading class 0x000000080199ac00 'jdk/internal/reflect/GeneratedMethodAccessor109'

Classes redefined (0 events):
No events

Internal exceptions (20 events):
Event: 83714.095 Thread 0x000001895a278ef0 Exception <a 'sun/nio/fs/WindowsException'{0x00000000e1632590}> (0x00000000e1632590) 
thrown [s\src\hotspot\share\prims\jni.cpp, line 516]
Event: 83714.096 Thread 0x000001895a278ef0 Exception <a 'sun/nio/fs/WindowsException'{0x00000000e16329d0}> (0x00000000e16329d0) 
thrown [s\src\hotspot\share\prims\jni.cpp, line 516]
Event: 83714.236 Thread 0x000001895a278ef0 Exception <a 'sun/nio/fs/WindowsException'{0x00000000e13a4f70}> (0x00000000e13a4f70) 
thrown [s\src\hotspot\share\prims\jni.cpp, line 516]
Event: 83714.237 Thread 0x000001895a278ef0 Exception <a 'sun/nio/fs/WindowsException'{0x00000000e13a5ed8}> (0x00000000e13a5ed8) 
thrown [s\src\hotspot\share\prims\jni.cpp, line 516]
Event: 83715.022 Thread 0x000001895a278ef0 Exception <a 'sun/nio/fs/WindowsException'{0x00000000e0ca9018}> (0x00000000e0ca9018) 
thrown [s\src\hotspot\share\prims\jni.cpp, line 516]
Event: 83715.023 Thread 0x000001895a278ef0 Exception <a 'sun/nio/fs/WindowsException'{0x00000000e0ca9f80}> (0x00000000e0ca9f80) 
thrown [s\src\hotspot\share\prims\jni.cpp, line 516]
Event: 83715.492 Thread 0x000001895a278ef0 Exception <a 'sun/nio/fs/WindowsException'{0x00000000e0540088}> (0x00000000e0540088) 
thrown [s\src\hotspot\share\prims\jni.cpp, line 516]
Event: 83715.493 Thread 0x000001895a278ef0 Exception <a 'sun/nio/fs/WindowsException'{0x00000000e0540ff0}> (0x00000000e0540ff0) 
thrown [s\src\hotspot\share\prims\jni.cpp, line 516]
Event: 83715.887 Thread 0x000001895a278ef0 Exception <a 'sun/nio/fs/WindowsException'{0x00000000dfe9d598}> (0x00000000dfe9d598) 
thrown [s\src\hotspot\share\prims\jni.cpp, line 516]
Event: 83715.888 Thread 0x000001895a278ef0 Exception <a 'sun/nio/fs/WindowsException'{0x00000000dfe9e500}> (0x00000000dfe9e500) 
thrown [s\src\hotspot\share\prims\jni.cpp, line 516]
Event: 83791.091 Thread 0x000001895aaf08c0 Exception <a 'sun/nio/fs/WindowsException'{0x00000000d619d2a8}> (0x00000000d619d2a8) 
thrown [s\src\hotspot\share\prims\jni.cpp, line 516]
Event: 83791.093 Thread 0x000001895aaf08c0 Exception <a 'sun/nio/fs/WindowsException'{0x00000000d619e210}> (0x00000000d619e210) 
thrown [s\src\hotspot\share\prims\jni.cpp, line 516]
Event: 83890.027 Thread 0x000001895a278080 Exception <a 'sun/nio/fs/WindowsException'{0x00000000d3b1fc68}> (0x00000000d3b1fc68) 
thrown [s\src\hotspot\share\prims\jni.cpp, line 516]
Event: 83890.029 Thread 0x000001895a278080 Exception <a 'sun/nio/fs/WindowsException'{0x00000000d3b20bd0}> (0x00000000d3b20bd0) 
thrown [s\src\hotspot\share\prims\jni.cpp, line 516]
Event: 83905.369 Thread 0x0000018951aa0940 Exception <a 'sun/nio/fs/WindowsException'{0x00000000d3c25dc8}> (0x00000000d3c25dc8) 
thrown [s\src\hotspot\share\prims\jni.cpp, line 516]
Event: 83905.371 Thread 0x0000018951aa0940 Exception <a 'sun/nio/fs/WindowsException'{0x00000000d3c26d30}> (0x00000000d3c26d30) 
thrown [s\src\hotspot\share\prims\jni.cpp, line 516]
Event: 83922.222 Thread 0x0000018951aa0940 Exception <a 'sun/nio/fs/WindowsException'{0x00000000d30e2188}> (0x00000000d30e2188) 
thrown [s\src\hotspot\share\prims\jni.cpp, line 516]
Event: 83922.223 Thread 0x0000018951aa0940 Exception <a 'sun/nio/fs/WindowsException'{0x00000000d30e30f0}> (0x00000000d30e30f0) 
thrown [s\src\hotspot\share\prims\jni.cpp, line 516]
Event: 83996.735 Thread 0x000001895a278080 Exception <a 'sun/nio/fs/WindowsException'{0x00000000d2c492a0}> (0x00000000d2c492a0) 
thrown [s\src\hotspot\share\prims\jni.cpp, line 516]
Event: 83996.736 Thread 0x000001895a278080 Exception <a 'sun/nio/fs/WindowsException'{0x00000000d2c4a208}> (0x00000000d2c4a208) 
thrown [s\src\hotspot\share\prims\jni.cpp, line 516]

VM Operations (20 events):
Event: 175295.979 Executing VM operation: G1CollectFull done
Event: 175306.199 Executing VM operation: G1CollectFull
Event: 175306.294 Executing VM operation: G1CollectFull done
Event: 175316.505 Executing VM operation: G1CollectFull
Event: 175316.608 Executing VM operation: G1CollectFull done
Event: 175326.865 Executing VM operation: G1CollectFull
Event: 175326.974 Executing VM operation: G1CollectFull done
Event: 175337.206 Executing VM operation: G1CollectFull
Event: 175337.316 Executing VM operation: G1CollectFull done
Event: 175347.621 Executing VM operation: G1CollectFull
Event: 175347.724 Executing VM operation: G1CollectFull done
Event: 175358.036 Executing VM operation: G1CollectFull
Event: 175358.138 Executing VM operation: G1CollectFull done
Event: 175368.447 Executing VM operation: G1CollectFull
Event: 175368.537 Executing VM operation: G1CollectFull done
Event: 175378.817 Executing VM operation: G1CollectFull
Event: 175378.907 Executing VM operation: G1CollectFull done
Event: 175389.193 Executing VM operation: G1CollectFull
Event: 175389.296 Executing VM operation: G1CollectFull done
Event: 175399.695 Executing VM operation: G1CollectFull

Events (20 events):
Event: 83791.076 Thread 0x000001895a2793c0 Thread added: 0x000001895a2793c0
Event: 83791.078 Thread 0x000001895bd9b3b0 Thread added: 0x000001895bd9b3b0
Event: 83851.264 Thread 0x000001895bd9a070 Thread exited: 0x000001895bd9a070
Event: 83851.370 Thread 0x000001895bd9b3b0 Thread exited: 0x000001895bd9b3b0
Event: 83851.641 Thread 0x000001895a2793c0 Thread exited: 0x000001895a2793c0
Event: 83851.646 Thread 0x000001895aaf08c0 Thread exited: 0x000001895aaf08c0
Event: 83852.973 Thread 0x000001895aaf1260 Thread exited: 0x000001895aaf1260
Event: 83889.697 Thread 0x0000018951fc4de0 Thread added: 0x0000018951fc4de0
Event: 83889.766 Thread 0x000001895a882250 Thread added: 0x000001895a882250
Event: 83982.734 Thread 0x0000018951fc4de0 Thread exited: 0x0000018951fc4de0
Event: 83983.155 Thread 0x0000018951aa0940 Thread exited: 0x0000018951aa0940
Event: 83983.170 Thread 0x000001895a882250 Thread exited: 0x000001895a882250
Event: 83994.407 Thread 0x0000018950b032b0 Thread added: 0x0000018950b032b0
Event: 83997.594 Thread 0x0000018951fc4910 Thread added: 0x0000018951fc4910
Event: 83997.595 Thread 0x0000018950b04ac0 Thread added: 0x0000018950b04ac0
Event: 84057.609 Thread 0x0000018950b032b0 Thread exited: 0x0000018950b032b0
Event: 84057.714 Thread 0x0000018951fc4910 Thread exited: 0x0000018951fc4910
Event: 84057.993 Thread 0x0000018950b04ac0 Thread exited: 0x0000018950b04ac0
Event: 84057.993 Thread 0x000001895a278080 Thread exited: 0x000001895a278080
Event: 84117.993 Thread 0x000001895bd98860 Thread exited: 0x000001895bd98860


Dynamic libraries:
0x00007ff768ce0000 - 0x00007ff768cee000 	c:\Users\taylo\AppData\Roaming\Code\User\globalStorage\pleiades.java-extension-pack-jdk\java\17\bin\java.exe
0x00007fffef150000 - 0x00007fffef364000 	C:\WINDOWS\SYSTEM32\ntdll.dll
0x00007fffedff0000 - 0x00007fffee0b2000 	C:\WINDOWS\System32\KERNEL32.DLL
0x00007fffec850000 - 0x00007fffecbf3000 	C:\WINDOWS\System32\KERNELBASE.dll
0x00007fffeccc0000 - 0x00007fffecdd1000 	C:\WINDOWS\System32\ucrtbase.dll
0x00007fffc4aa0000 - 0x00007fffc4ab7000 	c:\Users\taylo\AppData\Roaming\Code\User\globalStorage\pleiades.java-extension-pack-jdk\java\17\bin\jli.dll
0x00007fffeea40000 - 0x00007fffeebea000 	C:\WINDOWS\System32\USER32.dll
0x00007fffecde0000 - 0x00007fffece06000 	C:\WINDOWS\System32\win32u.dll
0x00007fffed860000 - 0x00007fffed889000 	C:\WINDOWS\System32\GDI32.dll
0x00007fffece10000 - 0x00007fffecf29000 	C:\WINDOWS\System32\gdi32full.dll
0x00007fffec7b0000 - 0x00007fffec84a000 	C:\WINDOWS\System32\msvcp_win.dll
0x00007fffc3350000 - 0x00007fffc3369000 	c:\Users\taylo\AppData\Roaming\Code\User\globalStorage\pleiades.java-extension-pack-jdk\java\17\bin\VCRUNTIME140.dll
0x00007fffc9490000 - 0x00007fffc971e000 	C:\WINDOWS\WinSxS\amd64_microsoft.windows.common-controls_6595b64144ccf1df_6.0.22621.1635_none_270f70857386168e\COMCTL32.dll
0x00007fffef060000 - 0x00007fffef107000 	C:\WINDOWS\System32\msvcrt.dll
0x00007fffeddc0000 - 0x00007fffeddf1000 	C:\WINDOWS\System32\IMM32.DLL
0x00007fffdc810000 - 0x00007fffdc81c000 	c:\Users\taylo\AppData\Roaming\Code\User\globalStorage\pleiades.java-extension-pack-jdk\java\17\bin\vcruntime140_1.dll
0x00007fff9e420000 - 0x00007fff9e4b1000 	c:\Users\taylo\AppData\Roaming\Code\User\globalStorage\pleiades.java-extension-pack-jdk\java\17\bin\msvcp140.dll
0x00007fff9d7d0000 - 0x00007fff9e418000 	c:\Users\taylo\AppData\Roaming\Code\User\globalStorage\pleiades.java-extension-pack-jdk\java\17\bin\server\jvm.dll
0x00007fffecf30000 - 0x00007fffecfde000 	C:\WINDOWS\System32\ADVAPI32.dll
0x00007fffee0c0000 - 0x00007fffee164000 	C:\WINDOWS\System32\sechost.dll
0x00007fffed740000 - 0x00007fffed857000 	C:\WINDOWS\System32\RPCRT4.dll
0x00007fffcfb00000 - 0x00007fffcfb09000 	C:\WINDOWS\SYSTEM32\WSOCK32.dll
0x00007fffed6a0000 - 0x00007fffed711000 	C:\WINDOWS\System32\WS2_32.dll
0x00007fffe2de0000 - 0x00007fffe2e14000 	C:\WINDOWS\SYSTEM32\WINMM.dll
0x00007fffdc680000 - 0x00007fffdc68a000 	C:\WINDOWS\SYSTEM32\VERSION.dll
0x00007fffeb5c0000 - 0x00007fffeb5d8000 	C:\WINDOWS\SYSTEM32\kernel.appcore.dll
0x00007fffcce40000 - 0x00007fffcce4a000 	c:\Users\taylo\AppData\Roaming\Code\User\globalStorage\pleiades.java-extension-pack-jdk\java\17\bin\jimage.dll
0x00007fffe9e40000 - 0x00007fffea06e000 	C:\WINDOWS\SYSTEM32\DBGHELP.DLL
0x00007fffed310000 - 0x00007fffed699000 	C:\WINDOWS\System32\combase.dll
0x00007fffede10000 - 0x00007fffedee7000 	C:\WINDOWS\System32\OLEAUT32.dll
0x00007fffe2520000 - 0x00007fffe2552000 	C:\WINDOWS\SYSTEM32\dbgcore.DLL
0x00007fffec550000 - 0x00007fffec5ca000 	C:\WINDOWS\System32\bcryptPrimitives.dll
0x00007fffb2bb0000 - 0x00007fffb2bd5000 	c:\Users\taylo\AppData\Roaming\Code\User\globalStorage\pleiades.java-extension-pack-jdk\java\17\bin\java.dll
0x00007fff9e5b0000 - 0x00007fff9e686000 	c:\Users\taylo\AppData\Roaming\Code\User\globalStorage\pleiades.java-extension-pack-jdk\java\17\bin\jsvml.dll
0x00007fffee240000 - 0x00007fffeea39000 	C:\WINDOWS\System32\SHELL32.dll
0x00007fffea4f0000 - 0x00007fffeadbe000 	C:\WINDOWS\SYSTEM32\windows.storage.dll
0x00007fffea3b0000 - 0x00007fffea4ee000 	C:\WINDOWS\SYSTEM32\wintypes.dll
0x00007fffeebf0000 - 0x00007fffeece1000 	C:\WINDOWS\System32\SHCORE.dll
0x00007fffecfe0000 - 0x00007fffed03e000 	C:\WINDOWS\System32\shlwapi.dll
0x00007fffec480000 - 0x00007fffec4a6000 	C:\WINDOWS\SYSTEM32\profapi.dll
0x00007fffbb220000 - 0x00007fffbb239000 	C:\Users\taylo\AppData\Roaming\Code\User\globalStorage\pleiades.java-extension-pack-jdk\java\17\bin\net.dll
0x00007fffe5cb0000 - 0x00007fffe5de7000 	C:\WINDOWS\SYSTEM32\WINHTTP.dll
0x00007fffebac0000 - 0x00007fffebb29000 	C:\WINDOWS\system32\mswsock.dll
0x00007fffbaca0000 - 0x00007fffbacb5000 	C:\Users\taylo\AppData\Roaming\Code\User\globalStorage\pleiades.java-extension-pack-jdk\java\17\bin\nio.dll
0x00007fffbe6c0000 - 0x00007fffbe6d8000 	C:\Users\taylo\AppData\Roaming\Code\User\globalStorage\pleiades.java-extension-pack-jdk\java\17\bin\zip.dll
0x00007fffebd60000 - 0x00007fffebd7b000 	C:\WINDOWS\SYSTEM32\CRYPTSP.dll
0x00007fffeb530000 - 0x00007fffeb565000 	C:\WINDOWS\system32\rsaenh.dll
0x00007fffebbe0000 - 0x00007fffebc0c000 	C:\WINDOWS\SYSTEM32\USERENV.dll
0x00007fffebf20000 - 0x00007fffebf48000 	C:\WINDOWS\SYSTEM32\bcrypt.dll
0x00007fffebd80000 - 0x00007fffebd8c000 	C:\WINDOWS\SYSTEM32\CRYPTBASE.dll
0x00007fffeb010000 - 0x00007fffeb03d000 	C:\WINDOWS\SYSTEM32\IPHLPAPI.DLL
0x00007fffede00000 - 0x00007fffede09000 	C:\WINDOWS\System32\NSI.dll
0x00007fffe2c90000 - 0x00007fffe2ca9000 	C:\WINDOWS\SYSTEM32\dhcpcsvc6.DLL
0x00007fffe2bf0000 - 0x00007fffe2c0f000 	C:\WINDOWS\SYSTEM32\dhcpcsvc.DLL
0x00007fffeb040000 - 0x00007fffeb133000 	C:\WINDOWS\SYSTEM32\DNSAPI.dll
0x00007fffbe710000 - 0x00007fffbe719000 	C:\Users\taylo\AppData\Roaming\Code\User\globalStorage\pleiades.java-extension-pack-jdk\java\17\bin\management.dll
0x00007fffbb550000 - 0x00007fffbb55b000 	C:\Users\taylo\AppData\Roaming\Code\User\globalStorage\pleiades.java-extension-pack-jdk\java\17\bin\management_ext.dll
0x00007fffeecf0000 - 0x00007fffeecf8000 	C:\WINDOWS\System32\PSAPI.DLL
0x00007fffc0d70000 - 0x00007fffc0d7e000 	C:\Users\taylo\AppData\Roaming\Code\User\globalStorage\pleiades.java-extension-pack-jdk\java\17\bin\sunmscapi.dll
0x00007fffec640000 - 0x00007fffec7a7000 	C:\WINDOWS\System32\CRYPT32.dll
0x00007fffebef0000 - 0x00007fffebf1e000 	C:\WINDOWS\SYSTEM32\ncrypt.dll
0x00007fffebeb0000 - 0x00007fffebee7000 	C:\WINDOWS\SYSTEM32\NTASN1.dll
0x00007fffe0620000 - 0x00007fffe062a000 	C:\Windows\System32\rasadhlp.dll
0x00007fffdc330000 - 0x00007fffdc3b4000 	C:\WINDOWS\System32\fwpuclnt.dll
0x00007fffc0d80000 - 0x00007fffc0d90000 	c:\Users\taylo\AppData\Roaming\Code\User\globalStorage\pleiades.java-extension-pack-jdk\java\17\bin\verify.dll
0x000000006c500000 - 0x000000006c5c7000 	C:\Users\taylo\AppData\Local\Temp\snappy-1.1.8-44f903ef-c74f-4f6f-99d2-8d7a571e8370-snappyjava.dll

dbghelp: loaded successfully - version: 4.0.5 - missing functions: none
symbol engine: initialized successfully - sym options: 0x614 - pdb path: .;c:\Users\taylo\AppData\Roaming\Code\User\globalStorage\pleiades.java-extension-pack-jdk\java\17\bin;C:\WINDOWS\SYSTEM32;C:\WINDOWS\WinSxS\amd64_microsoft.windows.common-controls_6595b64144ccf1df_6.0.22621.1635_none_270f70857386168e;c:\Users\taylo\AppData\Roaming\Code\User\globalStorage\pleiades.java-extension-pack-jdk\java\17\bin\server;C:\Users\taylo\AppData\Local\Temp

VM Arguments:
jvm_args: -XX:+HeapDumpOnOutOfMemoryError -Xmx1024m -Dsts.lsp.client=vscode -Dsts.log.file=/dev/null -XX:TieredStopAtLevel=1 -Xlog:jni+resolve=off -Dspring.config.location=file:c:\Users\taylo\.vscode\extensions\vmware.vscode-spring-boot-1.47.0\language-server\BOOT-INF\classes\application.properties 
java_command: org.springframework.ide.vscode.boot.app.BootLanguageServerBootApp
java_class_path (initial): c:\Users\taylo\.vscode\extensions\vmware.vscode-spring-boot-1.47.0\language-server\BOOT-INF\classes;c:\Users\taylo\.vscode\extensions\vmware.vscode-spring-boot-1.47.0\language-server\BOOT-INF\lib\annotations-24.0.1.jar;c:\Users\taylo\.vscode\extensions\vmware.vscode-spring-boot-1.47.0\language-server\BOOT-INF\lib\antlr-runtime-3.5.3.jar;c:\Users\taylo\.vscode\extensions\vmware.vscode-spring-boot-1.47.0\language-server\BOOT-INF\lib\antlr4-4.11.1.jar;c:\Users\taylo\.vscode\extensions\vmware.vscode-spring-boot-1.47.0\language-server\BOOT-INF\lib\antlr4-runtime-4.11.1.jar;c:\Users\taylo\.vscode\extensions\vmware.vscode-spring-boot-1.47.0\language-server\BOOT-INF\lib\aopalliance-1.0.jar;c:\Users\taylo\.vscode\extensions\vmware.vscode-spring-boot-1.47.0\language-server\BOOT-INF\lib\asm-9.5.jar;c:\Users\taylo\.vscode\extensions\vmware.vscode-spring-boot-1.47.0\language-server\BOOT-INF\lib\asm-analysis-9.5.jar;c:\Users\taylo\.vscode\extensions\vmware.vscode-spring-boot-1.47.0\language-server\BOOT-INF\lib\asm-tree-9.5.jar;c:\Users\taylo\.vscode\extensions\vmware.vscode-spring-boot-1.47.0\language-server\BOOT-INF\lib\asm-util-9.5.jar;c:\Users\taylo\.vscode\extensions\vmware.vscode-spring-boot-1.47.0\language-server\BOOT-INF\lib\auto-common-1.2.1.jar;c:\Users\taylo\.vscode\extensions\vmware.vscode-spring-boot-1.47.0\language-server\BOOT-INF\lib\auto-value-annotations-1.9.jar;c:\Users\taylo\.vscode\extensions\vmware.vscode-spring-boot-1.47.0\language-server\BOOT-INF\lib\caffeine-3.1.2.jar;c:\Users\taylo\.vscode\extensions\vmware.vscode-spring-boot-1.47.0\language-server\BOOT-INF\lib\checker-qual-3.12.0.jar;c:\Users\taylo\.vscode\extensions\vmware.vscode-spring-boot-1.47.0\language-server\BOOT-INF\lib\classgraph-4.8.149.jar;c:\Users\taylo\.vscode\extensions\vmware.vscode-spring-boot-1.47.0\language-server\BOOT-INF\lib\commons-codec-1.15.jar;c:\Users\taylo\.vscode\extensions\vmware.vscode-spring-boot-1.47.0\language-server\BOOT-INF\lib\commons-compres
Launcher Type: SUN_STANDARD

[Global flags]
     intx CICompilerCount                          = 4                                         {product} {ergonomic}
     uint ConcGCThreads                            = 2                                         {product} {ergonomic}
     uint G1ConcRefinementThreads                  = 8                                         {product} {ergonomic}
   size_t G1HeapRegionSize                         = 1048576                                   {product} {ergonomic}
    uintx GCDrainStackTargetSize                   = 64                                        {product} {ergonomic}
     bool HeapDumpOnOutOfMemoryError               = true                                   {manageable} {command line}
   size_t InitialHeapSize                          = 130023424                                 {product} {ergonomic}
   size_t MarkStackSize                            = 4194304                                   {product} {ergonomic}
   size_t MaxHeapSize                              = 1073741824                                {product} {command line}
   size_t MaxNewSize                               = 643825664                                 {product} {ergonomic}
   size_t MinHeapDeltaBytes                        = 1048576                                   {product} {ergonomic}
   size_t MinHeapSize                              = 8388608                                   {product} {ergonomic}
    uintx NonProfiledCodeHeapSize                  = 0                                      {pd product} {ergonomic}
     bool ProfileInterpreter                       = false                                  {pd product} {command line}
    uintx ProfiledCodeHeapSize                     = 0                                      {pd product} {ergonomic}
   size_t SoftMaxHeapSize                          = 1073741824                             {manageable} {ergonomic}
     intx TieredStopAtLevel                        = 1                                         {product} {command line}
     bool UseCompressedClassPointers               = true                           {product lp64_product} {ergonomic}
     bool UseCompressedOops                        = true                           {product lp64_product} {ergonomic}
     bool UseG1GC                                  = true                                      {product} {ergonomic}
     bool UseLargePagesIndividualAllocation        = false                                  {pd product} {ergonomic}

Logging:
Log output configuration:
 #0: stdout all=warning,jni+resolve=off uptime,level,tags
 #1: stderr all=off uptime,level,tags

Environment Variables:
PATH=C:\Python311\Scripts\;C:\Python311\;C:\Program Files\Common Files\Oracle\Java\javapath;C:\WINDOWS\system32;C:\WINDOWS;C:\WINDOWS\System32\Wbem;C:\WINDOWS\System32\WindowsPowerShell\v1.0\;C:\WINDOWS\System32\OpenSSH\;C:\Program Files\nodejs\;C:\ProgramData\chocolatey\bin;C:\Program Files\MySQL\MySQL Server 8.0\bin;C:\Program Files\apache-maven-3.9.1\bin;C:\Program Files\Git\cmd;C:\Users\taylo\AppData\Local\Microsoft\WindowsApps;C:\Users\taylo\AppData\Local\Programs\Microsoft VS Code\bin;C:\Users\taylo\AppData\Roaming\npm;C:\Users\taylo\AppData\Local\GitHubDesktop\bin;C:\ProgramData\taylo\GitHubDesktop\bin
USERNAME=taylo
OS=Windows_NT
PROCESSOR_IDENTIFIER=Intel64 Family 6 Model 154 Stepping 4, GenuineIntel
TMP=C:\Users\taylo\AppData\Local\Temp
TEMP=C:\Users\taylo\AppData\Local\Temp



---------------  S Y S T E M  ---------------

OS:
 Windows 11 , 64 bit Build 22621 (10.0.22621.1928)
OS uptime: 5 days 16:01 hours
Hyper-V role detected

CPU: total 8 (initial active 8) (4 cores per cpu, 2 threads per core) family 6 model 154 stepping 4 microcode 0x41f, cx8, cmov, fxsr, ht, mmx, 3dnowpref, sse, sse2, sse3, ssse3, sse4.1, sse4.2, popcnt, lzcnt, tsc, tscinvbit, avx, avx2, aes, erms, clmul, bmi1, bmi2, adx, sha, fma, vzeroupper, clflush, clflushopt, clwb, hv

Memory: 4k page, system-wide physical 7916M (540M free)
TotalPageFile size 32492M (AvailPageFile size 3M)
current process WorkingSet (physical memory assigned to process): 170M, peak: 1340M
current process commit charge ("private bytes"): 581M, peak: 1341M

vm_info: OpenJDK 64-Bit Server VM (17.0.7+7) for windows-amd64 JRE (17.0.7+7), built on Apr 18 2023 22:10:42 by "temurin" with MS VC++ 16.7 (VS2019)

END.
